\BOOKMARK [1][-]{section.1.1}{Problem 5: Personas}{}% 1
\BOOKMARK [2][-]{subsection.1.1.1}{Student}{section.1.1}% 2
\BOOKMARK [2][-]{subsection.1.1.2}{Professional}{section.1.1}% 3
\BOOKMARK [2][-]{subsection.1.1.3}{Senior Citizen}{section.1.1}% 4
\BOOKMARK [2][-]{subsection.1.1.4}{Occasional traveller}{section.1.1}% 5
\BOOKMARK [2][-]{subsection.1.1.5}{Frequent Traveller}{section.1.1}% 6
\BOOKMARK [2][-]{subsection.1.1.6}{Visually Impaired}{section.1.1}% 7
\BOOKMARK [2][-]{subsection.1.1.7}{Differently Abled}{section.1.1}% 8
\BOOKMARK [2][-]{subsection.1.1.8}{Negative User}{section.1.1}% 9
\BOOKMARK [2][-]{subsection.1.1.9}{Negative User: Hacker}{section.1.1}% 10
\BOOKMARK [1][-]{section.1.2}{Problem 5: Global Constraints}{}% 11
\BOOKMARK [1][-]{section.1.3}{Problem 5: User Stories}{}% 12
\BOOKMARK [2][-]{subsection.1.3.1}{User Story : Customer Login}{section.1.3}% 13
\BOOKMARK [2][-]{subsection.1.3.2}{User Story : Select Language}{section.1.3}% 14
\BOOKMARK [2][-]{subsection.1.3.3}{User Story : Select Ticket Type}{section.1.3}% 15
\BOOKMARK [2][-]{subsection.1.3.4}{User Story : View Ticket Plans for Rechargeable card}{section.1.3}% 16
\BOOKMARK [2][-]{subsection.1.3.5}{User Story : View Ticket Plans for Non-Rechargeable card}{section.1.3}% 17
\BOOKMARK [2][-]{subsection.1.3.6}{User Story : Select Payment Method}{section.1.3}% 18
\BOOKMARK [2][-]{subsection.1.3.7}{User Story : Make Cash Payment}{section.1.3}% 19
\BOOKMARK [2][-]{subsection.1.3.8}{User Story : Make Card Payment}{section.1.3}% 20
\BOOKMARK [2][-]{subsection.1.3.9}{User Story : Cancel Seleted Plan}{section.1.3}% 21
\BOOKMARK [2][-]{subsection.1.3.10}{User Story : Print Receipt}{section.1.3}% 22
\BOOKMARK [2][-]{subsection.1.3.11}{User Story : Card Payment Fraud}{section.1.3}% 23
\BOOKMARK [2][-]{subsection.1.3.12}{User Story : Hacking TVM admin login}{section.1.3}% 24
\BOOKMARK [1][-]{section.1.4}{Problem 6}{}% 25
\BOOKMARK [2][-]{subsection.1.4.1}{Traceability Matrix}{section.1.4}% 26
