This is pdfTeX, Version 3.14159265-2.6-1.40.20 (MiKTeX 2.9.7050 64-bit) (preloaded format=pdflatex 2019.7.8)  27 NOV 2019 21:52
entering extended mode
**./Deliverable2.tex
(Deliverable2.tex
LaTeX2e <2018-12-01>

("C:\Users\Sanchit Kumar\AppData\Local\Programs\MiKTeX 2.9\tex/latex/base\repor
t.cls"
Document Class: report 2018/09/03 v1.4i Standard LaTeX document class

("C:\Users\Sanchit Kumar\AppData\Local\Programs\MiKTeX 2.9\tex/latex/base\size1
2.clo"
File: size12.clo 2018/09/03 v1.4i Standard LaTeX file (size option)
)
\c@part=\count80
\c@chapter=\count81
\c@section=\count82
\c@subsection=\count83
\c@subsubsection=\count84
\c@paragraph=\count85
\c@subparagraph=\count86
\c@figure=\count87
\c@table=\count88
\abovecaptionskip=\skip41
\belowcaptionskip=\skip42
\bibindent=\dimen102
)
("C:\Users\Sanchit Kumar\AppData\Local\Programs\MiKTeX 2.9\tex/latex/geometry\g
eometry.sty"
Package: geometry 2018/04/16 v5.8 Page Geometry

("C:\Users\Sanchit Kumar\AppData\Local\Programs\MiKTeX 2.9\tex/latex/graphics\k
eyval.sty"
Package: keyval 2014/10/28 v1.15 key=value parser (DPC)
\KV@toks@=\toks14
)
("C:\Users\Sanchit Kumar\AppData\Local\Programs\MiKTeX 2.9\tex/generic/oberdiek
\ifpdf.sty"
Package: ifpdf 2018/09/07 v3.3 Provides the ifpdf switch
)
("C:\Users\Sanchit Kumar\AppData\Local\Programs\MiKTeX 2.9\tex/generic/oberdiek
\ifvtex.sty"
Package: ifvtex 2016/05/16 v1.6 Detect VTeX and its facilities (HO)
Package ifvtex Info: VTeX not detected.
)
("C:\Users\Sanchit Kumar\AppData\Local\Programs\MiKTeX 2.9\tex/generic/ifxetex\
ifxetex.sty"
Package: ifxetex 2010/09/12 v0.6 Provides ifxetex conditional
)
\Gm@cnth=\count89
\Gm@cntv=\count90
\c@Gm@tempcnt=\count91
\Gm@bindingoffset=\dimen103
\Gm@wd@mp=\dimen104
\Gm@odd@mp=\dimen105
\Gm@even@mp=\dimen106
\Gm@layoutwidth=\dimen107
\Gm@layoutheight=\dimen108
\Gm@layouthoffset=\dimen109
\Gm@layoutvoffset=\dimen110
\Gm@dimlist=\toks15

("C:\Users\Sanchit Kumar\AppData\Local\Programs\MiKTeX 2.9\tex/latex/geometry\g
eometry.cfg"))
("C:\Users\Sanchit Kumar\AppData\Local\Programs\MiKTeX 2.9\tex/latex/hyperref\h
yperref.sty"
Package: hyperref 2018/11/30 v6.88e Hypertext links for LaTeX

("C:\Users\Sanchit Kumar\AppData\Local\Programs\MiKTeX 2.9\tex/generic/oberdiek
\hobsub-hyperref.sty"
Package: hobsub-hyperref 2016/05/16 v1.14 Bundle oberdiek, subset hyperref (HO)


("C:\Users\Sanchit Kumar\AppData\Local\Programs\MiKTeX 2.9\tex/generic/oberdiek
\hobsub-generic.sty"
Package: hobsub-generic 2016/05/16 v1.14 Bundle oberdiek, subset generic (HO)
Package: hobsub 2016/05/16 v1.14 Construct package bundles (HO)
Package: infwarerr 2016/05/16 v1.4 Providing info/warning/error messages (HO)
Package: ltxcmds 2016/05/16 v1.23 LaTeX kernel commands for general use (HO)
Package: ifluatex 2016/05/16 v1.4 Provides the ifluatex switch (HO)
Package ifluatex Info: LuaTeX not detected.
Package hobsub Info: Skipping package `ifvtex' (already loaded).
Package: intcalc 2016/05/16 v1.2 Expandable calculations with integers (HO)
Package hobsub Info: Skipping package `ifpdf' (already loaded).
Package: etexcmds 2016/05/16 v1.6 Avoid name clashes with e-TeX commands (HO)
Package: kvsetkeys 2016/05/16 v1.17 Key value parser (HO)
Package: kvdefinekeys 2016/05/16 v1.4 Define keys (HO)
Package: pdftexcmds 2018/09/10 v0.29 Utility functions of pdfTeX for LuaTeX (HO
)
Package pdftexcmds Info: LuaTeX not detected.
Package pdftexcmds Info: \pdf@primitive is available.
Package pdftexcmds Info: \pdf@ifprimitive is available.
Package pdftexcmds Info: \pdfdraftmode found.
Package: pdfescape 2016/05/16 v1.14 Implements pdfTeX's escape features (HO)
Package: bigintcalc 2016/05/16 v1.4 Expandable calculations on big integers (HO
)
Package: bitset 2016/05/16 v1.2 Handle bit-vector datatype (HO)
Package: uniquecounter 2016/05/16 v1.3 Provide unlimited unique counter (HO)
)
Package hobsub Info: Skipping package `hobsub' (already loaded).
Package: letltxmacro 2016/05/16 v1.5 Let assignment for LaTeX macros (HO)
Package: hopatch 2016/05/16 v1.3 Wrapper for package hooks (HO)
Package: xcolor-patch 2016/05/16 xcolor patch
Package: atveryend 2016/05/16 v1.9 Hooks at the very end of document (HO)
Package atveryend Info: \enddocument detected (standard20110627).
Package: atbegshi 2016/06/09 v1.18 At begin shipout hook (HO)
Package: refcount 2016/05/16 v3.5 Data extraction from label references (HO)
Package: hycolor 2016/05/16 v1.8 Color options for hyperref/bookmark (HO)
)
("C:\Users\Sanchit Kumar\AppData\Local\Programs\MiKTeX 2.9\tex/latex/oberdiek\a
uxhook.sty"
Package: auxhook 2016/05/16 v1.4 Hooks for auxiliary files (HO)
)
("C:\Users\Sanchit Kumar\AppData\Local\Programs\MiKTeX 2.9\tex/latex/oberdiek\k
voptions.sty"
Package: kvoptions 2016/05/16 v3.12 Key value format for package options (HO)
)
\@linkdim=\dimen111
\Hy@linkcounter=\count92
\Hy@pagecounter=\count93

("C:\Users\Sanchit Kumar\AppData\Local\Programs\MiKTeX 2.9\tex/latex/hyperref\p
d1enc.def"
File: pd1enc.def 2018/11/30 v6.88e Hyperref: PDFDocEncoding definition (HO)
Now handling font encoding PD1 ...
... no UTF-8 mapping file for font encoding PD1
)
\Hy@SavedSpaceFactor=\count94

("C:\Users\Sanchit Kumar\AppData\Local\Programs\MiKTeX 2.9\tex/latex/00miktex\h
yperref.cfg"
File: hyperref.cfg 2002/06/06 v1.2 hyperref configuration of TeXLive
)
Package hyperref Info: Hyper figures OFF on input line 4519.
Package hyperref Info: Link nesting OFF on input line 4524.
Package hyperref Info: Hyper index ON on input line 4527.
Package hyperref Info: Plain pages OFF on input line 4534.
Package hyperref Info: Backreferencing OFF on input line 4539.
Package hyperref Info: Implicit mode ON; LaTeX internals redefined.
Package hyperref Info: Bookmarks ON on input line 4772.
\c@Hy@tempcnt=\count95

("C:\Users\Sanchit Kumar\AppData\Local\Programs\MiKTeX 2.9\tex/latex/url\url.st
y"
\Urlmuskip=\muskip10
Package: url 2013/09/16  ver 3.4  Verb mode for urls, etc.
)
LaTeX Info: Redefining \url on input line 5125.
\XeTeXLinkMargin=\dimen112
\Fld@menulength=\count96
\Field@Width=\dimen113
\Fld@charsize=\dimen114
Package hyperref Info: Hyper figures OFF on input line 6380.
Package hyperref Info: Link nesting OFF on input line 6385.
Package hyperref Info: Hyper index ON on input line 6388.
Package hyperref Info: backreferencing OFF on input line 6395.
Package hyperref Info: Link coloring OFF on input line 6400.
Package hyperref Info: Link coloring with OCG OFF on input line 6405.
Package hyperref Info: PDF/A mode OFF on input line 6410.
LaTeX Info: Redefining \ref on input line 6450.
LaTeX Info: Redefining \pageref on input line 6454.
\Hy@abspage=\count97
\c@Item=\count98
\c@Hfootnote=\count99
)
Package hyperref Info: Driver (autodetected): hpdftex.

("C:\Users\Sanchit Kumar\AppData\Local\Programs\MiKTeX 2.9\tex/latex/hyperref\h
pdftex.def"
File: hpdftex.def 2018/11/30 v6.88e Hyperref driver for pdfTeX
\Fld@listcount=\count100
\c@bookmark@seq@number=\count101

("C:\Users\Sanchit Kumar\AppData\Local\Programs\MiKTeX 2.9\tex/latex/oberdiek\r
erunfilecheck.sty"
Package: rerunfilecheck 2016/05/16 v1.8 Rerun checks for auxiliary files (HO)
Package uniquecounter Info: New unique counter `rerunfilecheck' on input line 2
82.
)
\Hy@SectionHShift=\skip43
)
("C:\Users\Sanchit Kumar\AppData\Local\Programs\MiKTeX 2.9\tex/latex/graphics\g
raphicx.sty"
Package: graphicx 2017/06/01 v1.1a Enhanced LaTeX Graphics (DPC,SPQR)

("C:\Users\Sanchit Kumar\AppData\Local\Programs\MiKTeX 2.9\tex/latex/graphics\g
raphics.sty"
Package: graphics 2017/06/25 v1.2c Standard LaTeX Graphics (DPC,SPQR)

("C:\Users\Sanchit Kumar\AppData\Local\Programs\MiKTeX 2.9\tex/latex/graphics\t
rig.sty"
Package: trig 2016/01/03 v1.10 sin cos tan (DPC)
)
("C:\Users\Sanchit Kumar\AppData\Local\Programs\MiKTeX 2.9\tex/latex/graphics-c
fg\graphics.cfg"
File: graphics.cfg 2016/06/04 v1.11 sample graphics configuration
)
Package graphics Info: Driver file: pdftex.def on input line 99.

("C:\Users\Sanchit Kumar\AppData\Local\Programs\MiKTeX 2.9\tex/latex/graphics-d
ef\pdftex.def"
File: pdftex.def 2018/01/08 v1.0l Graphics/color driver for pdftex
))
\Gin@req@height=\dimen115
\Gin@req@width=\dimen116
)
("C:\Users\Sanchit Kumar\AppData\Local\Programs\MiKTeX 2.9\tex/generic/babel\ba
bel.sty"
Package: babel 2019/06/03 3.32 The Babel package

("C:\Users\Sanchit Kumar\AppData\Local\Programs\MiKTeX 2.9\tex/generic/babel\sw
itch.def"
File: switch.def 2019/06/03 3.32 Babel switching mechanism
)
*************************************
* Local config file bblopts.cfg used
*

("C:\Users\Sanchit Kumar\AppData\Local\Programs\MiKTeX 2.9\tex/latex/arabi\bblo
pts.cfg"
File: bblopts.cfg 2005/09/08 v0.1 add Arabic and Farsi to "declared" options of
 babel
)
("C:\Users\Sanchit Kumar\AppData\Local\Programs\MiKTeX 2.9\tex/latex/babel-engl
ish\english.ldf"
Language: english 2017/06/06 v3.3r English support from the babel system

("C:\Users\Sanchit Kumar\AppData\Local\Programs\MiKTeX 2.9\tex/generic/babel\ba
bel.def"
File: babel.def 2019/06/03 3.32 Babel common definitions
\babel@savecnt=\count102
\U@D=\dimen117

("C:\Users\Sanchit Kumar\AppData\Local\Programs\MiKTeX 2.9\tex/generic/babel\tx
tbabel.def")
\bbl@dirlevel=\count103
)
\l@canadian = a dialect from \language\l@american 
\l@australian = a dialect from \language\l@british 
\l@newzealand = a dialect from \language\l@british 
))
("C:\Users\Sanchit Kumar\AppData\Local\Programs\MiKTeX 2.9\tex/latex/base\input
enc.sty"
Package: inputenc 2018/08/11 v1.3c Input encoding file
\inpenc@prehook=\toks16
\inpenc@posthook=\toks17
)
("C:\Users\Sanchit Kumar\AppData\Local\Programs\MiKTeX 2.9\tex/latex/glossaries
/base\glossaries.sty"
Package: glossaries 2019/01/06 v4.42 (NLCT)

("C:\Users\Sanchit Kumar\AppData\Local\Programs\MiKTeX 2.9\tex/latex/base\ifthe
n.sty"
Package: ifthen 2014/09/29 v1.1c Standard LaTeX ifthen package (DPC)
)
("C:\Users\Sanchit Kumar\AppData\Local\Programs\MiKTeX 2.9\tex/latex/xkeyval\xk
eyval.sty"
Package: xkeyval 2014/12/03 v2.7a package option processing (HA)

("C:\Users\Sanchit Kumar\AppData\Local\Programs\MiKTeX 2.9\tex/generic/xkeyval\
xkeyval.tex"
("C:\Users\Sanchit Kumar\AppData\Local\Programs\MiKTeX 2.9\tex/generic/xkeyval\
xkvutils.tex"
\XKV@toks=\toks18
\XKV@tempa@toks=\toks19
)
\XKV@depth=\count104
File: xkeyval.tex 2014/12/03 v2.7a key=value parser (HA)
))
("C:\Users\Sanchit Kumar\AppData\Local\Programs\MiKTeX 2.9\tex/latex/mfirstuc\m
firstuc.sty"
Package: mfirstuc 2017/11/14 v2.06 (NLCT)

("C:\Users\Sanchit Kumar\AppData\Local\Programs\MiKTeX 2.9\tex/latex/etoolbox\e
toolbox.sty"
Package: etoolbox 2018/08/19 v2.5f e-TeX tools for LaTeX (JAW)
\etb@tempcnta=\count105
)
\@glsmfirst=\toks20
\@glsmrest=\toks21
)
("C:\Users\Sanchit Kumar\AppData\Local\Programs\MiKTeX 2.9\tex/latex/textcase\t
extcase.sty"
Package: textcase 2019/09/14 v1.00 Text only upper/lower case changing (DPC)
)
("C:\Users\Sanchit Kumar\AppData\Local\Programs\MiKTeX 2.9\tex/latex/xfor\xfor.
sty"
Package: xfor 2009/02/05 v1.05 (NLCT)
)
("C:\Users\Sanchit Kumar\AppData\Local\Programs\MiKTeX 2.9\tex/latex/datatool\d
atatool-base.sty"
Package: datatool-base 2018/12/07 v2.31 (NLCT)

("C:\Users\Sanchit Kumar\AppData\Local\Programs\MiKTeX 2.9\tex/latex/amsmath\am
smath.sty"
Package: amsmath 2018/12/01 v2.17b AMS math features
\@mathmargin=\skip44

For additional information on amsmath, use the `?' option.

("C:\Users\Sanchit Kumar\AppData\Local\Programs\MiKTeX 2.9\tex/latex/amsmath\am
stext.sty"
Package: amstext 2000/06/29 v2.01 AMS text

("C:\Users\Sanchit Kumar\AppData\Local\Programs\MiKTeX 2.9\tex/latex/amsmath\am
sgen.sty"
File: amsgen.sty 1999/11/30 v2.0 generic functions
\@emptytoks=\toks22
\ex@=\dimen118
))
("C:\Users\Sanchit Kumar\AppData\Local\Programs\MiKTeX 2.9\tex/latex/amsmath\am
sbsy.sty"
Package: amsbsy 1999/11/29 v1.2d Bold Symbols
\pmbraise@=\dimen119
)
("C:\Users\Sanchit Kumar\AppData\Local\Programs\MiKTeX 2.9\tex/latex/amsmath\am
sopn.sty"
Package: amsopn 2016/03/08 v2.02 operator names
)
\inf@bad=\count106
LaTeX Info: Redefining \frac on input line 223.
\uproot@=\count107
\leftroot@=\count108
LaTeX Info: Redefining \overline on input line 385.
\classnum@=\count109
\DOTSCASE@=\count110
LaTeX Info: Redefining \ldots on input line 482.
LaTeX Info: Redefining \dots on input line 485.
LaTeX Info: Redefining \cdots on input line 606.
\Mathstrutbox@=\box27
\strutbox@=\box28
\big@size=\dimen120
LaTeX Font Info:    Redeclaring font encoding OML on input line 729.
LaTeX Font Info:    Redeclaring font encoding OMS on input line 730.
\macc@depth=\count111
\c@MaxMatrixCols=\count112
\dotsspace@=\muskip11
\c@parentequation=\count113
\dspbrk@lvl=\count114
\tag@help=\toks23
\row@=\count115
\column@=\count116
\maxfields@=\count117
\andhelp@=\toks24
\eqnshift@=\dimen121
\alignsep@=\dimen122
\tagshift@=\dimen123
\tagwidth@=\dimen124
\totwidth@=\dimen125
\lineht@=\dimen126
\@envbody=\toks25
\multlinegap=\skip45
\multlinetaggap=\skip46
\mathdisplay@stack=\toks26
LaTeX Info: Redefining \[ on input line 2844.
LaTeX Info: Redefining \] on input line 2845.
)
("C:\Users\Sanchit Kumar\AppData\Local\Programs\MiKTeX 2.9\tex/latex/substr\sub
str.sty"
Package: substr 2009/10/20 v1.2 Handle substrings
\c@su@anzahl=\count118
)
("C:\Users\Sanchit Kumar\AppData\Local\Programs\MiKTeX 2.9\tex/latex/datatool\d
atatool-fp.sty"
Package: datatool-fp 2018/12/07 v2.31 (NLCT)

("C:\Users\Sanchit Kumar\AppData\Local\Programs\MiKTeX 2.9\tex/latex/fp\fp.sty"
Package: fp 1995/04/02
`Fixed Point Package', Version 0.8, April 2, 1995 (C) Michael Mehlich
("C:\Users\Sanchit Kumar\AppData\Local\Programs\MiKTeX 2.9\tex/latex/fp\defpatt
ern.sty"
Package: defpattern 1994/10/12
\actioncount=\count119
)
("C:\Users\Sanchit Kumar\AppData\Local\Programs\MiKTeX 2.9\tex/latex/fp\fp-basi
c.sty"
Package: fp-basic 1996/05/13
\FP@xs=\count120
\FP@xia=\count121
\FP@xib=\count122
\FP@xfa=\count123
\FP@xfb=\count124
\FP@rega=\count125
\FP@regb=\count126
\FP@regs=\count127
\FP@times=\count128
)
("C:\Users\Sanchit Kumar\AppData\Local\Programs\MiKTeX 2.9\tex/latex/fp\fp-addo
ns.sty"
Package: fp-addons 1995/03/15
)
("C:\Users\Sanchit Kumar\AppData\Local\Programs\MiKTeX 2.9\tex/latex/fp\fp-snap
.sty"
Package: fp-snap 1995/04/05
)
("C:\Users\Sanchit Kumar\AppData\Local\Programs\MiKTeX 2.9\tex/latex/fp\fp-exp.
sty"
Package: fp-exp 1995/04/03
)
("C:\Users\Sanchit Kumar\AppData\Local\Programs\MiKTeX 2.9\tex/latex/fp\fp-trig
o.sty"
Package: fp-trigo 1995/04/14
)
("C:\Users\Sanchit Kumar\AppData\Local\Programs\MiKTeX 2.9\tex/latex/fp\fp-pas.
sty"
Package: fp-pas 1994/08/29
)
("C:\Users\Sanchit Kumar\AppData\Local\Programs\MiKTeX 2.9\tex/latex/fp\fp-rand
om.sty"
Package: fp-random 1995/02/23
\FPseed=\count129
)
("C:\Users\Sanchit Kumar\AppData\Local\Programs\MiKTeX 2.9\tex/latex/fp\fp-eqn.
sty"
Package: fp-eqn 1995/04/03
)
("C:\Users\Sanchit Kumar\AppData\Local\Programs\MiKTeX 2.9\tex/latex/fp\fp-upn.
sty"
Package: fp-upn 1996/10/21
)
("C:\Users\Sanchit Kumar\AppData\Local\Programs\MiKTeX 2.9\tex/latex/fp\fp-eval
.sty"
Package: fp-eval 1995/04/03
)))
\@dtl@toks=\toks27
\@dtl@tmpcount=\count130
\dtl@tmplength=\skip47
\dtl@sortresult=\count131
\@dtl@numgrpsepcount=\count132
\@dtl@datatype=\count133
\dtl@codeA=\count134
\dtl@codeB=\count135
\@dtl@foreach@level=\count136
)
("C:\Users\Sanchit Kumar\AppData\Local\Programs\MiKTeX 2.9\tex/latex/glossaries
/base\glossaries-compatible-307.sty"
Package: glossaries-compatible-307 2019/01/06 v4.42 (NLCT)
)
("C:\Users\Sanchit Kumar\AppData\Local\Programs\MiKTeX 2.9\tex/latex/tracklang\
tracklang.sty"
Package: tracklang 2019/08/31 v1.3.7 (NLCT) Track Languages

("C:\Users\Sanchit Kumar\AppData\Local\Programs\MiKTeX 2.9\tex/generic/tracklan
g\tracklang.tex"))
("C:\Users\Sanchit Kumar\AppData\Local\Programs\MiKTeX 2.9\tex/latex/translator
\translator.sty"
Package: translator 2019-05-31 v1.12a Easy translation of strings in LaTeX
)
("C:\Users\Sanchit Kumar\AppData\Local\Programs\MiKTeX 2.9\tex/latex/glossaries
-english\glossaries-english.ldf"
File: glossaries-english.ldf 2014/11/23 v1.0
)
\gls@level=\count137
\@gls@tmpb=\toks28
\gls@tmplen=\skip48
\glskeylisttok=\toks29
\glslabeltok=\toks30
\glsshorttok=\toks31
\glslongtok=\toks32

("C:\Users\Sanchit Kumar\AppData\Local\Programs\MiKTeX 2.9\tex/latex/glossaries
/styles\glossary-hypernav.sty"
Package: glossary-hypernav 2019/01/06 v4.42 (NLCT)
)
("C:\Users\Sanchit Kumar\AppData\Local\Programs\MiKTeX 2.9\tex/latex/glossaries
/styles\glossary-list.sty"
Package: glossary-list 2019/01/06 v4.42 (NLCT)
\glslistdottedwidth=\skip49
)
("C:\Users\Sanchit Kumar\AppData\Local\Programs\MiKTeX 2.9\tex/latex/glossaries
/styles\glossary-long.sty"
Package: glossary-long 2019/01/06 v4.42 (NLCT)

("C:\Users\Sanchit Kumar\AppData\Local\Programs\MiKTeX 2.9\tex/latex/tools\long
table.sty"
Package: longtable 2014/10/28 v4.11 Multi-page Table package (DPC)+ FMi change
\LTleft=\skip50
\LTright=\skip51
\LTpre=\skip52
\LTpost=\skip53
\LTchunksize=\count138
\LTcapwidth=\dimen127
\LT@head=\box29
\LT@firsthead=\box30
\LT@foot=\box31
\LT@lastfoot=\box32
\LT@cols=\count139
\LT@rows=\count140
\c@LT@tables=\count141
\c@LT@chunks=\count142
\LT@p@ftn=\toks33
)
\glsdescwidth=\skip54
\glspagelistwidth=\skip55
)
("C:\Users\Sanchit Kumar\AppData\Local\Programs\MiKTeX 2.9\tex/latex/glossaries
/styles\glossary-super.sty"
Package: glossary-super 2019/01/06 v4.42 (NLCT)

("C:\Users\Sanchit Kumar\AppData\Local\Programs\MiKTeX 2.9\tex/latex/supertabul
ar\supertabular.sty"
Package: supertabular 2004/02/20 v4.1e the supertabular environment
\c@tracingst=\count143
\ST@wd=\dimen128
\ST@rightskip=\skip56
\ST@leftskip=\skip57
\ST@parfillskip=\skip58
\ST@pageleft=\dimen129
\ST@headht=\dimen130
\ST@tailht=\dimen131
\ST@pagesofar=\dimen132
\ST@pboxht=\dimen133
\ST@lineht=\dimen134
\ST@stretchht=\dimen135
\ST@prevht=\dimen136
\ST@toadd=\dimen137
\ST@dimen=\dimen138
\ST@pbox=\box33
))
("C:\Users\Sanchit Kumar\AppData\Local\Programs\MiKTeX 2.9\tex/latex/glossaries
/styles\glossary-tree.sty"
Package: glossary-tree 2019/01/06 v4.42 (NLCT)
\glstreeindent=\skip59
))
("C:\Users\Sanchit Kumar\AppData\Local\Programs\MiKTeX 2.9\tex/latex/placeins\p
laceins.sty"
Package: placeins 2005/04/18  v 2.2
)
("C:\Users\Sanchit Kumar\AppData\Local\Programs\MiKTeX 2.9\tex/latex/biblatex\b
iblatex.sty"
Package: biblatex 2018/11/02 v3.12 programmable bibliographies (PK/MW)

("C:\Users\Sanchit Kumar\AppData\Local\Programs\MiKTeX 2.9\tex/latex/logreq\log
req.sty"
Package: logreq 2010/08/04 v1.0 xml request logger
\lrq@indent=\count144

("C:\Users\Sanchit Kumar\AppData\Local\Programs\MiKTeX 2.9\tex/latex/logreq\log
req.def"
File: logreq.def 2010/08/04 v1.0 logreq spec v1.0
))
\c@tabx@nest=\count145
\c@listtotal=\count146
\c@listcount=\count147
\c@liststart=\count148
\c@liststop=\count149
\c@citecount=\count150
\c@citetotal=\count151
\c@multicitecount=\count152
\c@multicitetotal=\count153
\c@instcount=\count154
\c@maxnames=\count155
\c@minnames=\count156
\c@maxitems=\count157
\c@minitems=\count158
\c@citecounter=\count159
\c@maxcitecounter=\count160
\c@savedcitecounter=\count161
\c@uniquelist=\count162
\c@uniquename=\count163
\c@refsection=\count164
\c@refsegment=\count165
\c@maxextratitle=\count166
\c@maxextratitleyear=\count167
\c@maxextraname=\count168
\c@maxextradate=\count169
\c@maxextraalpha=\count170
\c@abbrvpenalty=\count171
\c@highnamepenalty=\count172
\c@lownamepenalty=\count173
\c@maxparens=\count174
\c@parenlevel=\count175
\blx@tempcnta=\count176
\blx@tempcntb=\count177
\blx@tempcntc=\count178
\blx@maxsection=\count179
\blx@maxsegment@0=\count180
\blx@notetype=\count181
\blx@parenlevel@text=\count182
\blx@parenlevel@foot=\count183
\blx@sectionciteorder@0=\count184
\blx@entrysetcounter=\count185
\labelnumberwidth=\skip60
\labelalphawidth=\skip61
\biblabelsep=\skip62
\bibitemsep=\skip63
\bibnamesep=\skip64
\bibinitsep=\skip65
\bibparsep=\skip66
\bibhang=\skip67
\blx@bcfin=\read1
\blx@bcfout=\write3
\c@mincomprange=\count186
\c@maxcomprange=\count187
\c@mincompwidth=\count188
Package biblatex Info: Trying to load biblatex default data model...
Package biblatex Info: ... file 'blx-dm.def' found.

("C:\Users\Sanchit Kumar\AppData\Local\Programs\MiKTeX 2.9\tex/latex/biblatex\b
lx-dm.def"
File: blx-dm.def 2018/11/02 v3.12 biblatex localization (PK/MW)
)
Package biblatex Info: Trying to load biblatex custom data model...
Package biblatex Info: ... file 'biblatex-dm.cfg' not found.
\c@afterword=\count189
\c@savedafterword=\count190
\c@annotator=\count191
\c@savedannotator=\count192
\c@author=\count193
\c@savedauthor=\count194
\c@bookauthor=\count195
\c@savedbookauthor=\count196
\c@commentator=\count197
\c@savedcommentator=\count198
\c@editor=\count199
\c@savededitor=\count266
\c@editora=\count267
\c@savededitora=\count268
\c@editorb=\count269
\c@savededitorb=\count270
\c@editorc=\count271
\c@savededitorc=\count272
\c@foreword=\count273
\c@savedforeword=\count274
\c@holder=\count275
\c@savedholder=\count276
\c@introduction=\count277
\c@savedintroduction=\count278
\c@namea=\count279
\c@savednamea=\count280
\c@nameb=\count281
\c@savednameb=\count282
\c@namec=\count283
\c@savednamec=\count284
\c@translator=\count285
\c@savedtranslator=\count286
\c@shortauthor=\count287
\c@savedshortauthor=\count288
\c@shorteditor=\count289
\c@savedshorteditor=\count290
\c@labelname=\count291
\c@savedlabelname=\count292
\c@institution=\count293
\c@savedinstitution=\count294
\c@lista=\count295
\c@savedlista=\count296
\c@listb=\count297
\c@savedlistb=\count298
\c@listc=\count299
\c@savedlistc=\count300
\c@listd=\count301
\c@savedlistd=\count302
\c@liste=\count303
\c@savedliste=\count304
\c@listf=\count305
\c@savedlistf=\count306
\c@location=\count307
\c@savedlocation=\count308
\c@organization=\count309
\c@savedorganization=\count310
\c@origlocation=\count311
\c@savedoriglocation=\count312
\c@origpublisher=\count313
\c@savedorigpublisher=\count314
\c@publisher=\count315
\c@savedpublisher=\count316
\c@language=\count317
\c@savedlanguage=\count318
\c@origlanguage=\count319
\c@savedoriglanguage=\count320
\c@pageref=\count321
\c@savedpageref=\count322
\shorthandwidth=\skip68
\shortjournalwidth=\skip69
\shortserieswidth=\skip70
\shorttitlewidth=\skip71
\shortauthorwidth=\skip72
\shorteditorwidth=\skip73
\locallabelnumberwidth=\skip74
\locallabelalphawidth=\skip75
\localshorthandwidth=\skip76
\localshortjournalwidth=\skip77
\localshortserieswidth=\skip78
\localshorttitlewidth=\skip79
\localshortauthorwidth=\skip80
\localshorteditorwidth=\skip81
Package biblatex Info: Trying to load compatibility code...
Package biblatex Info: ... file 'blx-compat.def' found.

("C:\Users\Sanchit Kumar\AppData\Local\Programs\MiKTeX 2.9\tex/latex/biblatex\b
lx-compat.def"
File: blx-compat.def 2018/11/02 v3.12 biblatex compatibility (PK/MW)
)
Package biblatex Info: Trying to load generic definitions...
Package biblatex Info: ... file 'biblatex.def' found.

("C:\Users\Sanchit Kumar\AppData\Local\Programs\MiKTeX 2.9\tex/latex/biblatex\b
iblatex.def"
File: biblatex.def 2018/11/02 v3.12 biblatex compatibility (PK/MW)
\c@textcitecount=\count323
\c@textcitetotal=\count324
\c@textcitemaxnames=\count325
\c@biburlnumpenalty=\count326
\c@biburlucpenalty=\count327
\c@biburllcpenalty=\count328
\c@smartand=\count329
)
Package biblatex Info: Trying to load bibliography style 'numeric'...
Package biblatex Info: ... file 'numeric.bbx' found.

("C:\Users\Sanchit Kumar\AppData\Local\Programs\MiKTeX 2.9\tex/latex/biblatex/b
bx\numeric.bbx"
File: numeric.bbx 2018/11/02 v3.12 biblatex bibliography style (PK/MW)
Package biblatex Info: Trying to load bibliography style 'standard'...
Package biblatex Info: ... file 'standard.bbx' found.

("C:\Users\Sanchit Kumar\AppData\Local\Programs\MiKTeX 2.9\tex/latex/biblatex/b
bx\standard.bbx"
File: standard.bbx 2018/11/02 v3.12 biblatex bibliography style (PK/MW)
\c@bbx:relatedcount=\count330
\c@bbx:relatedtotal=\count331
))
Package biblatex Info: Trying to load citation style 'numeric'...
Package biblatex Info: ... file 'numeric.cbx' found.

("C:\Users\Sanchit Kumar\AppData\Local\Programs\MiKTeX 2.9\tex/latex/biblatex/c
bx\numeric.cbx"
File: numeric.cbx 2018/11/02 v3.12 biblatex citation style (PK/MW)
Package biblatex Info: Redefining '\cite'.
Package biblatex Info: Redefining '\parencite'.
Package biblatex Info: Redefining '\footcite'.
Package biblatex Info: Redefining '\footcitetext'.
Package biblatex Info: Redefining '\smartcite'.
Package biblatex Info: Redefining '\supercite'.
Package biblatex Info: Redefining '\textcite'.
Package biblatex Info: Redefining '\textcites'.
Package biblatex Info: Redefining '\cites'.
Package biblatex Info: Redefining '\parencites'.
Package biblatex Info: Redefining '\smartcites'.
)
Package biblatex Info: Trying to load configuration file...
Package biblatex Info: ... file 'biblatex.cfg' found.

("C:\Users\Sanchit Kumar\AppData\Local\Programs\MiKTeX 2.9\tex/latex/biblatex\b
iblatex.cfg"
File: biblatex.cfg 
))
("C:\Users\Sanchit Kumar\AppData\Local\Programs\MiKTeX 2.9\tex/latex/appendix\a
ppendix.sty"
Package: appendix 2009/09/02 v1.2b extra appendix facilities
\c@@pps=\count332
\c@@ppsavesec=\count333
\c@@ppsaveapp=\count334
)
("C:\Users\Sanchit Kumar\AppData\Local\Programs\MiKTeX 2.9\tex/latex/tools\hhli
ne.sty"
Package: hhline 2014/10/28 v2.03 Table rule package (DPC)
)
("C:\Users\Sanchit Kumar\AppData\Local\Programs\MiKTeX 2.9\tex/latex/colortbl\c
olortbl.sty"
Package: colortbl 2018/12/12 v1.0d Color table columns (DPC)

("C:\Users\Sanchit Kumar\AppData\Local\Programs\MiKTeX 2.9\tex/latex/tools\arra
y.sty"
Package: array 2018/12/30 v2.4k Tabular extension package (FMi)
\col@sep=\dimen139
\ar@mcellbox=\box34
\extrarowheight=\dimen140
\NC@list=\toks34
\extratabsurround=\skip82
\backup@length=\skip83
\ar@cellbox=\box35
)
("C:\Users\Sanchit Kumar\AppData\Local\Programs\MiKTeX 2.9\tex/latex/graphics\c
olor.sty"
Package: color 2016/07/10 v1.1e Standard LaTeX Color (DPC)

("C:\Users\Sanchit Kumar\AppData\Local\Programs\MiKTeX 2.9\tex/latex/graphics-c
fg\color.cfg"
File: color.cfg 2016/01/02 v1.6 sample color configuration
)
Package color Info: Driver file: pdftex.def on input line 147.
)
\everycr=\toks35
\minrowclearance=\skip84
)
("C:\Users\Sanchit Kumar\AppData\Local\Programs\MiKTeX 2.9\tex/latex/booktabs\b
ooktabs.sty"
Package: booktabs 2005/04/14 v1.61803 publication quality tables
\heavyrulewidth=\dimen141
\lightrulewidth=\dimen142
\cmidrulewidth=\dimen143
\belowrulesep=\dimen144
\belowbottomsep=\dimen145
\aboverulesep=\dimen146
\abovetopsep=\dimen147
\cmidrulesep=\dimen148
\cmidrulekern=\dimen149
\defaultaddspace=\dimen150
\@cmidla=\count335
\@cmidlb=\count336
\@aboverulesep=\dimen151
\@belowrulesep=\dimen152
\@thisruleclass=\count337
\@lastruleclass=\count338
\@thisrulewidth=\dimen153
)

Package glossaries Warning: Use of \makeglossary with glossaries.sty is 
(glossaries)                deprecated. Use \makeglossaries instead. If you 
(glossaries)                need the original definition of \makeglossary use 
(glossaries)                the package options kernelglossredefs=false (to 
(glossaries)                restore the former definition of \makeglossary) and
 
(glossaries)                nomain (if the file extensions cause a conflict) on
 input line 101.

\glswrite=\write4
\glo@main@file=\write5
\openout5 = `Deliverable2.glo'.

Package glossaries Info: Writing glossary file Deliverable2.glo on input line 1
01.
\glo@acronym@file=\write6
\openout6 = `Deliverable2.acn'.

Package glossaries Info: Writing glossary file Deliverable2.acn on input line 1
01.
Package biblatex Info: Trying to load language 'english'...
Package biblatex Info: ... file 'english.lbx' found.

("C:\Users\Sanchit Kumar\AppData\Local\Programs\MiKTeX 2.9\tex/latex/biblatex/l
bx\english.lbx"
File: english.lbx 2018/11/02 v3.12 biblatex localization (PK/MW)
)

Package biblatex Warning: 'babel/polyglossia' detected but 'csquotes' missing.
(biblatex)                Loading 'csquotes' recommended.

\@quotelevel=\count339
\@quotereset=\count340
(Deliverable2.aux)
\openout1 = `Deliverable2.aux'.

LaTeX Font Info:    Checking defaults for OML/cmm/m/it on input line 103.
LaTeX Font Info:    ... okay on input line 103.
LaTeX Font Info:    Checking defaults for T1/cmr/m/n on input line 103.
LaTeX Font Info:    ... okay on input line 103.
LaTeX Font Info:    Checking defaults for OT1/cmr/m/n on input line 103.
LaTeX Font Info:    ... okay on input line 103.
LaTeX Font Info:    Checking defaults for OMS/cmsy/m/n on input line 103.
LaTeX Font Info:    ... okay on input line 103.
LaTeX Font Info:    Checking defaults for OMX/cmex/m/n on input line 103.
LaTeX Font Info:    ... okay on input line 103.
LaTeX Font Info:    Checking defaults for U/cmr/m/n on input line 103.
LaTeX Font Info:    ... okay on input line 103.
LaTeX Font Info:    Checking defaults for PD1/pdf/m/n on input line 103.
LaTeX Font Info:    ... okay on input line 103.

*geometry* driver: auto-detecting
*geometry* detected driver: pdftex
*geometry* verbose mode - [ preamble ] result:
* driver: pdftex
* paper: a4paper
* layout: <same size as paper>
* layoutoffset:(h,v)=(0.0pt,0.0pt)
* modes: 
* h-part:(L,W,R)=(54.2025pt, 489.10287pt, 54.2025pt)
* v-part:(T,H,B)=(108.405pt, 628.23685pt, 108.405pt)
* \paperwidth=597.50787pt
* \paperheight=845.04684pt
* \textwidth=489.10287pt
* \textheight=628.23685pt
* \oddsidemargin=-18.06749pt
* \evensidemargin=-18.06749pt
* \topmargin=-0.86499pt
* \headheight=12.0pt
* \headsep=25.0pt
* \topskip=12.0pt
* \footskip=18.06749pt
* \marginparwidth=35.0pt
* \marginparsep=10.0pt
* \columnsep=10.0pt
* \skip\footins=10.8pt plus 4.0pt minus 2.0pt
* \hoffset=0.0pt
* \voffset=0.0pt
* \mag=1000
* \@twocolumnfalse
* \@twosidefalse
* \@mparswitchfalse
* \@reversemarginfalse
* (1in=72.27pt=25.4mm, 1cm=28.453pt)

\AtBeginShipoutBox=\box36
Package hyperref Info: Link coloring OFF on input line 103.

("C:\Users\Sanchit Kumar\AppData\Local\Programs\MiKTeX 2.9\tex/latex/hyperref\n
ameref.sty"
Package: nameref 2016/05/21 v2.44 Cross-referencing by name of section

("C:\Users\Sanchit Kumar\AppData\Local\Programs\MiKTeX 2.9\tex/generic/oberdiek
\gettitlestring.sty"
Package: gettitlestring 2016/05/16 v1.5 Cleanup title references (HO)
)
\c@section@level=\count341
)
LaTeX Info: Redefining \ref on input line 103.
LaTeX Info: Redefining \pageref on input line 103.
LaTeX Info: Redefining \nameref on input line 103.
 (Deliverable2.out) (Deliverable2.out)
\@outlinefile=\write7
\openout7 = `Deliverable2.out'.


("C:\Users\Sanchit Kumar\AppData\Local\Programs\MiKTeX 2.9\tex/context/base/mki
i\supp-pdf.mkii"
[Loading MPS to PDF converter (version 2006.09.02).]
\scratchcounter=\count342
\scratchdimen=\dimen154
\scratchbox=\box37
\nofMPsegments=\count343
\nofMParguments=\count344
\everyMPshowfont=\toks36
\MPscratchCnt=\count345
\MPscratchDim=\dimen155
\MPnumerator=\count346
\makeMPintoPDFobject=\count347
\everyMPtoPDFconversion=\toks37
)
("C:\Users\Sanchit Kumar\AppData\Local\Programs\MiKTeX 2.9\tex/latex/oberdiek\e
pstopdf-base.sty"
Package: epstopdf-base 2016/05/15 v2.6 Base part for package epstopdf

("C:\Users\Sanchit Kumar\AppData\Local\Programs\MiKTeX 2.9\tex/latex/oberdiek\g
rfext.sty"
Package: grfext 2016/05/16 v1.2 Manage graphics extensions (HO)
)
Package epstopdf-base Info: Redefining graphics rule for `.eps' on input line 4
38.
Package grfext Info: Graphics extension search list:
(grfext)             [.pdf,.png,.jpg,.mps,.jpeg,.jbig2,.jb2,.PDF,.PNG,.JPG,.JPE
G,.JBIG2,.JB2,.eps]
(grfext)             \AppendGraphicsExtensions on input line 456.
)
Package biblatex Info: Input encoding 'utf8' detected.
Package biblatex Info: Automatic encoding selection.
(biblatex)             Assuming data encoding 'utf8'.
\openout3 = `Deliverable2.bcf'.

Package biblatex Info: Trying to load bibliographic data...
Package biblatex Info: ... file 'Deliverable2.bbl' found.
 (Deliverable2.bbl)
Package biblatex Info: Reference section=0 on input line 103.
Package biblatex Info: Reference segment=0 on input line 103.
<University_logo.jpg, id=155, 1724.4425pt x 530.98375pt>
File: University_logo.jpg Graphic file (type jpg)
<use University_logo.jpg>
Package pdftex.def Info: University_logo.jpg  used on input line 115.
(pdftex.def)             Requested size: 172.45435pt x 53.10147pt.


LaTeX Font Warning: Font shape `OT1/cmr/bx/sc' undefined
(Font)              using `OT1/cmr/bx/n' instead on input line 116.

[1

\openout4 = `Deliverable2.ist'.

{C:/Users/Sanchit Kumar/AppData/Local/MiKTeX/2.9/pdftex/config/pdftex.map} <./U
niversity_logo.jpg>] (Deliverable2.tocpdfTeX warning (ext4): destination with t
he same identifier (name{page.1}) has been already used, duplicate ignored
<to be read again> 
                   \relax 
l.74 ...line {section}{Appendices}{42}{section*.5}
                                                  % [1

])
\tf@toc=\write8
\openout8 = `Deliverable2.toc'.

 [2]

Package hyperref Warning: Token not allowed in a PDF string (PDFDocEncoding):
(hyperref)                removing `\cite' on input line 180.

<Personas/Student.png, id=218, 1043.9pt x 1167.36125pt>
File: Personas/Student.png Graphic file (type png)
<use Personas/Student.png>
Package pdftex.def Info: Personas/Student.png  used on input line 185.
(pdftex.def)             Requested size: 512.15262pt x 569.07297pt.

Overfull \hbox (29.84973pt too wide) in paragraph at lines 185--186
[][] 
 []

[3

]

LaTeX Warning: Text page 4 contains only floats.

[4 <./Personas/Student.png>]
<Personas/WorkingProfessional.png, id=231, 1043.9pt x 1257.69875pt>
File: Personas/WorkingProfessional.png Graphic file (type png)
<use Personas/WorkingProfessional.png>
Package pdftex.def Info: Personas/WorkingProfessional.png  used on input line 1
92.
(pdftex.def)             Requested size: 512.15262pt x 540.58882pt.

Overfull \hbox (29.84973pt too wide) in paragraph at lines 192--193
[][] 
 []

<Personas/SeniorCitizen.png, id=232, 1043.9pt x 1197.47375pt>
File: Personas/SeniorCitizen.png Graphic file (type png)
<use Personas/SeniorCitizen.png>
Package pdftex.def Info: Personas/SeniorCitizen.png  used on input line 199.
(pdftex.def)             Requested size: 512.15262pt x 540.61232pt.

Overfull \hbox (29.84973pt too wide) in paragraph at lines 199--200
[][] 
 []

[5 <./Personas/WorkingProfessional.png>]
<Personas/OccasionalTraveller.png, id=239, 1043.9pt x 1287.81125pt>
File: Personas/OccasionalTraveller.png Graphic file (type png)
<use Personas/OccasionalTraveller.png>
Package pdftex.def Info: Personas/OccasionalTraveller.png  used on input line 2
06.
(pdftex.def)             Requested size: 512.15262pt x 540.6216pt.

Overfull \hbox (29.84973pt too wide) in paragraph at lines 206--207
[][] 
 []

[6 <./Personas/SeniorCitizen.png>]
<Personas/FrequentTraveller.png, id=247, 1043.9pt x 1287.81125pt>
File: Personas/FrequentTraveller.png Graphic file (type png)
<use Personas/FrequentTraveller.png>
Package pdftex.def Info: Personas/FrequentTraveller.png  used on input line 213
.
(pdftex.def)             Requested size: 512.15262pt x 540.6216pt.

Overfull \hbox (29.84973pt too wide) in paragraph at lines 213--214
[][] 
 []

[7 <./Personas/OccasionalTraveller.png>]
<Personas/VisuallyImpaired.png, id=254, 600.2425pt x 708.6475pt>
File: Personas/VisuallyImpaired.png Graphic file (type png)
<use Personas/VisuallyImpaired.png>
Package pdftex.def Info: Personas/VisuallyImpaired.png  used on input line 220.

(pdftex.def)             Requested size: 512.18686pt x 540.61057pt.

Overfull \hbox (29.88397pt too wide) in paragraph at lines 220--221
[][] 
 []

[8 <./Personas/FrequentTraveller.png>]
<Personas/DifferentlyAbled.png, id=261, 644.4075pt x 702.625pt>
File: Personas/DifferentlyAbled.png Graphic file (type png)
<use Personas/DifferentlyAbled.png>
Package pdftex.def Info: Personas/DifferentlyAbled.png  used on input line 227.

(pdftex.def)             Requested size: 512.1737pt x 540.64767pt.

Overfull \hbox (29.87082pt too wide) in paragraph at lines 227--228
[][] 
 []

[9 <./Personas/VisuallyImpaired.png>]
<Personas/NegativePersona1.png, id=268, 1043.9pt x 1257.69875pt>
File: Personas/NegativePersona1.png Graphic file (type png)
<use Personas/NegativePersona1.png>
Package pdftex.def Info: Personas/NegativePersona1.png  used on input line 234.

(pdftex.def)             Requested size: 512.15262pt x 540.58882pt.

Overfull \hbox (29.84973pt too wide) in paragraph at lines 234--235
[][] 
 []

[10 <./Personas/DifferentlyAbled.png>]
<Personas/NegativePersona2.png, id=275, 1043.9pt x 1227.58624pt>
File: Personas/NegativePersona2.png Graphic file (type png)
<use Personas/NegativePersona2.png>
Package pdftex.def Info: Personas/NegativePersona2.png  used on input line 241.

(pdftex.def)             Requested size: 512.15262pt x 540.60791pt.

Overfull \hbox (29.84973pt too wide) in paragraph at lines 241--242
[][] 
 []

[11 <./Personas/NegativePersona1.png>]
Underfull \hbox (badness 10000) in paragraph at lines 275--275
[]|\OT1/cmr/m/n/12 Maintainability-G-
 []

[12 <./Personas/NegativePersona2.png>]
Underfull \vbox (badness 10000) detected at line 286
 []


Package hyperref Warning: Token not allowed in a PDF string (PDFDocEncoding):
(hyperref)                removing `\cite' on input line 298.


Underfull \hbox (badness 10000) in paragraph at lines 301--302

 []

[13]
Underfull \hbox (badness 10000) in paragraph at lines 303--304

 []


Underfull \hbox (badness 10000) in paragraph at lines 306--313

 []


Underfull \vbox (badness 10000) detected at line 383
 []

[14]
Underfull \vbox (badness 10000) detected at line 486
 []

[15]
Underfull \vbox (badness 10000) detected at line 594
 []

[16]
Underfull \hbox (badness 1635) in paragraph at lines 665--665
[]|\OT1/cmr/bx/n/12 Title: View Ticket Plans for
 []


Underfull \vbox (badness 10000) detected at line 703
 []

[17] [18]
Underfull \vbox (badness 10000) detected at line 818
 []

[19]
Underfull \vbox (badness 10000) detected at line 930
 []

[20]
Underfull \vbox (badness 10000) detected at line 1047
 []

[21]
Underfull \vbox (badness 10000) detected at line 1172
 []

[22] [23]
Underfull \vbox (badness 10000) detected at line 1288
 []

[24]
Underfull \vbox (badness 10000) detected at line 1403
 []

[25]
Underfull \vbox (badness 10000) detected at line 1515
 []

[26]
Underfull \vbox (badness 10000) detected at line 1637
 []

[27] [28]

Package hyperref Warning: Token not allowed in a PDF string (PDFDocEncoding):
(hyperref)                removing `\cite' on input line 1688.


Underfull \hbox (badness 10000) in paragraph at lines 1701--1701
[]|\OT1/cmr/m/n/12 TVM-
 []


Overfull \hbox (1.50206pt too wide) in paragraph at lines 1701--1701
\OT1/cmr/m/n/12 UseCaseModel| 
 []


Underfull \hbox (badness 10000) in paragraph at lines 1701--1703
[]|\OT1/cmr/m/n/12 "Performance-G-
 []


Underfull \hbox (badness 10000) in paragraph at lines 1701--1703
\OT1/cmr/m/n/12 Accessibility-G-01,
 []


Underfull \hbox (badness 10000) in paragraph at lines 1701--1703
\OT1/cmr/m/n/12 Maintainability-G-
 []


Underfull \hbox (badness 10000) in paragraph at lines 1701--1703
\OT1/cmr/m/n/12 Privacy-G-01,
 []


Underfull \hbox (badness 10000) in paragraph at lines 1701--1703
\OT1/cmr/m/n/12 Privacy-G-02
 []


Underfull \hbox (badness 10000) in paragraph at lines 1707--1707
[]|\OT1/cmr/m/n/12 TVM-
 []


Underfull \hbox (badness 10000) in paragraph at lines 1707--1707
\OT1/cmr/m/n/12 UseCase-
 []


Underfull \hbox (badness 10000) in paragraph at lines 1707--1707
\OT1/cmr/m/n/12 1: Change
 []


Underfull \hbox (badness 10000) in paragraph at lines 1707--1708
[]|\OT1/cmr/m/n/12 "Performance-G-
 []


Underfull \hbox (badness 10000) in paragraph at lines 1707--1708
\OT1/cmr/m/n/12 Accessibility-G-01,
 []


Underfull \hbox (badness 10000) in paragraph at lines 1707--1708
\OT1/cmr/m/n/12 Maintainability-G-
 []


Underfull \hbox (badness 10000) in paragraph at lines 1707--1708
\OT1/cmr/m/n/12 Privacy-G-01,
 []


Underfull \hbox (badness 10000) in paragraph at lines 1707--1708
\OT1/cmr/m/n/12 Privacy-G-02
 []


Underfull \hbox (badness 10000) in paragraph at lines 1712--1712
[]|\OT1/cmr/m/n/12 TVM-
 []


Overfull \hbox (1.50206pt too wide) in paragraph at lines 1712--1712
\OT1/cmr/m/n/12 UseCaseModel| 
 []


Underfull \hbox (badness 10000) in paragraph at lines 1712--1713
[]|\OT1/cmr/m/n/12 "Performance-G-
 []


Underfull \hbox (badness 10000) in paragraph at lines 1712--1713
\OT1/cmr/m/n/12 Accessibility-G-01,
 []


Underfull \hbox (badness 10000) in paragraph at lines 1712--1713
\OT1/cmr/m/n/12 Maintainability-G-
 []


Underfull \hbox (badness 10000) in paragraph at lines 1712--1713
\OT1/cmr/m/n/12 Privacy-G-01,
 []


Underfull \hbox (badness 10000) in paragraph at lines 1712--1713
\OT1/cmr/m/n/12 Privacy-G-02,
 []


Underfull \hbox (badness 10000) in paragraph at lines 1717--1717
\OT1/cmr/m/n/12 for Recharge-able
 []


Underfull \hbox (badness 10000) in paragraph at lines 1717--1717
[]|\OT1/cmr/m/n/12 TVM-
 []


Underfull \hbox (badness 10000) in paragraph at lines 1717--1717
\OT1/cmr/m/n/12 UseCase-2:
 []


Underfull \hbox (badness 10000) in paragraph at lines 1717--1717
\OT1/cmr/m/n/12 View Ticket
 []


Underfull \hbox (badness 10000) in paragraph at lines 1717--1718
[]|\OT1/cmr/m/n/12 "Performance-G-
 []


Underfull \hbox (badness 10000) in paragraph at lines 1717--1718
\OT1/cmr/m/n/12 Accessibility-G-01,
 []


Underfull \hbox (badness 10000) in paragraph at lines 1717--1718
\OT1/cmr/m/n/12 Maintainability-G-
 []


Underfull \hbox (badness 10000) in paragraph at lines 1717--1718
\OT1/cmr/m/n/12 Privacy-G-01,
 []


Underfull \hbox (badness 10000) in paragraph at lines 1717--1718
\OT1/cmr/m/n/12 Privacy-G-02,
 []


Underfull \hbox (badness 10000) in paragraph at lines 1717--1718
\OT1/cmr/m/n/12 Usability-1,
 []


Underfull \hbox (badness 10000) in paragraph at lines 1723--1723
[]|\OT1/cmr/m/n/12 View Ticket
 []


Underfull \hbox (badness 10000) in paragraph at lines 1723--1723
\OT1/cmr/m/n/12 Plans for Non-
 []


Underfull \hbox (badness 10000) in paragraph at lines 1723--1723
[]|\OT1/cmr/m/n/12 TVM-
 []


Underfull \hbox (badness 10000) in paragraph at lines 1723--1723
\OT1/cmr/m/n/12 UseCase-2:
 []


Underfull \hbox (badness 10000) in paragraph at lines 1723--1723
\OT1/cmr/m/n/12 View Ticket
 []


Underfull \hbox (badness 10000) in paragraph at lines 1723--1724
[]|\OT1/cmr/m/n/12 "Performance-G-
 []


Underfull \hbox (badness 10000) in paragraph at lines 1723--1724
\OT1/cmr/m/n/12 Accessibility-G-01,
 []


Underfull \hbox (badness 10000) in paragraph at lines 1723--1724
\OT1/cmr/m/n/12 Maintainability-G-
 []


Underfull \hbox (badness 10000) in paragraph at lines 1723--1724
\OT1/cmr/m/n/12 Privacy-G-01,
 []


Underfull \hbox (badness 10000) in paragraph at lines 1723--1724
\OT1/cmr/m/n/12 Privacy-G-02,
 []


Underfull \hbox (badness 10000) in paragraph at lines 1723--1724
\OT1/cmr/m/n/12 Usability-1,
 []


Underfull \hbox (badness 10000) in paragraph at lines 1728--1728
[]|\OT1/cmr/m/n/12 Select Pay-ment
 []


Underfull \hbox (badness 10000) in paragraph at lines 1728--1728
[]|\OT1/cmr/m/n/12 TVM-
 []


Underfull \hbox (badness 10000) in paragraph at lines 1728--1728
\OT1/cmr/m/n/12 UseCase-
 []


Underfull \hbox (badness 4872) in paragraph at lines 1728--1728
\OT1/cmr/m/n/12 4: Make a
 []


Underfull \hbox (badness 10000) in paragraph at lines 1728--1729
[]|\OT1/cmr/m/n/12 "Performance-G-
 []


Underfull \hbox (badness 10000) in paragraph at lines 1728--1729
\OT1/cmr/m/n/12 Accessibility-G-01,
 []


Underfull \hbox (badness 10000) in paragraph at lines 1728--1729
\OT1/cmr/m/n/12 Maintainability-G-
 []


Underfull \hbox (badness 10000) in paragraph at lines 1728--1729
\OT1/cmr/m/n/12 Privacy-G-01,
 []


Underfull \hbox (badness 10000) in paragraph at lines 1728--1729
\OT1/cmr/m/n/12 Privacy-G-02,
 []


Underfull \hbox (badness 10000) in paragraph at lines 1728--1729
\OT1/cmr/m/n/12 Usability-1,
 []


Overfull \hbox (19.61497pt too wide) in alignment at lines 1692--1729
 [] [] [] [] [] 
 []


Underfull \vbox (badness 10000) detected at line 1729
 []


Underfull \hbox (badness 10000) in paragraph at lines 1734--1734
[]|\OT1/cmr/m/n/12 TVM-
 []


Underfull \hbox (badness 10000) in paragraph at lines 1734--1734
\OT1/cmr/m/n/12 UseCase-
 []


Underfull \hbox (badness 4872) in paragraph at lines 1734--1734
\OT1/cmr/m/n/12 4: Make a
 []


Underfull \hbox (badness 10000) in paragraph at lines 1734--1735
[]|\OT1/cmr/m/n/12 "Performance-G-
 []


Underfull \hbox (badness 10000) in paragraph at lines 1734--1735
\OT1/cmr/m/n/12 Accessibility-G-01,
 []


Underfull \hbox (badness 10000) in paragraph at lines 1734--1735
\OT1/cmr/m/n/12 Maintainability-G-
 []


Underfull \hbox (badness 10000) in paragraph at lines 1734--1735
\OT1/cmr/m/n/12 Privacy-G-01,
 []


Underfull \hbox (badness 10000) in paragraph at lines 1734--1735
\OT1/cmr/m/n/12 Privacy-G-
 []


Underfull \hbox (badness 10000) in paragraph at lines 1734--1735
\OT1/cmr/m/n/12 02, Usability-
 []


Underfull \hbox (badness 10000) in paragraph at lines 1734--1735
\OT1/cmr/m/n/12 1, Usability-2,
 []


Underfull \hbox (badness 10000) in paragraph at lines 1740--1740
[]|\OT1/cmr/m/n/12 TVM-
 []


Underfull \hbox (badness 10000) in paragraph at lines 1740--1740
\OT1/cmr/m/n/12 UseCase-
 []


Underfull \hbox (badness 4872) in paragraph at lines 1740--1740
\OT1/cmr/m/n/12 4: Make a
 []


Underfull \hbox (badness 10000) in paragraph at lines 1740--1741
[]|\OT1/cmr/m/n/12 "Performance-G-
 []


Underfull \hbox (badness 10000) in paragraph at lines 1740--1741
\OT1/cmr/m/n/12 Accessibility-G-01,
 []


Underfull \hbox (badness 10000) in paragraph at lines 1740--1741
\OT1/cmr/m/n/12 Maintainability-G-
 []


Underfull \hbox (badness 10000) in paragraph at lines 1740--1741
\OT1/cmr/m/n/12 Privacy-G-01,
 []


Underfull \hbox (badness 10000) in paragraph at lines 1740--1741
\OT1/cmr/m/n/12 Privacy-G-02,
 []


Underfull \hbox (badness 10000) in paragraph at lines 1740--1741
\OT1/cmr/m/n/12 Usability-1,
 []


Underfull \hbox (badness 10000) in paragraph at lines 1746--1746
[]|\OT1/cmr/m/n/12 Cancel Se-lected
 []


Underfull \hbox (badness 10000) in paragraph at lines 1746--1747
[]|\OT1/cmr/m/n/12 "Performance-G-
 []


Underfull \hbox (badness 10000) in paragraph at lines 1746--1747
\OT1/cmr/m/n/12 Accessibility-G-01,
 []


Underfull \hbox (badness 10000) in paragraph at lines 1746--1747
\OT1/cmr/m/n/12 Maintainability-G-
 []


Underfull \hbox (badness 10000) in paragraph at lines 1746--1747
\OT1/cmr/m/n/12 Privacy-G-01,
 []


Underfull \hbox (badness 10000) in paragraph at lines 1746--1747
\OT1/cmr/m/n/12 Privacy-G-02,
 []


Underfull \hbox (badness 2970) in paragraph at lines 1752--1752
[]|\OT1/cmr/m/n/12 Print Ticket and
 []


Underfull \hbox (badness 10000) in paragraph at lines 1752--1752
[]|\OT1/cmr/m/n/12 TVM-US-07,
 []


Underfull \hbox (badness 10000) in paragraph at lines 1752--1752
[]|\OT1/cmr/m/n/12 TVM-
 []


Overfull \hbox (1.50206pt too wide) in paragraph at lines 1752--1752
\OT1/cmr/m/n/12 UseCaseModel| 
 []


Underfull \hbox (badness 10000) in paragraph at lines 1752--1753
[]|\OT1/cmr/m/n/12 "Performance-G-
 []


Underfull \hbox (badness 10000) in paragraph at lines 1752--1753
\OT1/cmr/m/n/12 Accessibility-G-01,
 []


Underfull \hbox (badness 10000) in paragraph at lines 1752--1753
\OT1/cmr/m/n/12 Maintainability-G-
 []


Underfull \hbox (badness 10000) in paragraph at lines 1752--1753
\OT1/cmr/m/n/12 Privacy-G-01,
 []


Underfull \hbox (badness 10000) in paragraph at lines 1752--1753
\OT1/cmr/m/n/12 Privacy-G-02,
 []


Underfull \hbox (badness 10000) in paragraph at lines 1757--1757
[]|\OT1/cmr/m/n/12 Card pay-ment
 []


Underfull \hbox (badness 10000) in paragraph at lines 1757--1757
[]|\OT1/cmr/m/n/12 TVM-
 []


Underfull \hbox (badness 10000) in paragraph at lines 1757--1757
\OT1/cmr/m/n/12 UseCase-
 []


Underfull \hbox (badness 4872) in paragraph at lines 1757--1757
\OT1/cmr/m/n/12 4: Make a
 []


Underfull \hbox (badness 10000) in paragraph at lines 1757--1758
[]|\OT1/cmr/m/n/12 "Performance-G-
 []


Underfull \hbox (badness 10000) in paragraph at lines 1757--1758
\OT1/cmr/m/n/12 Accessibility-G-01,
 []


Underfull \hbox (badness 10000) in paragraph at lines 1757--1758
\OT1/cmr/m/n/12 Maintainability-G-
 []


Underfull \hbox (badness 10000) in paragraph at lines 1757--1758
\OT1/cmr/m/n/12 Privacy-G-01,
 []


Underfull \hbox (badness 10000) in paragraph at lines 1757--1758
\OT1/cmr/m/n/12 Privacy-G-
 []


Underfull \hbox (badness 10000) in paragraph at lines 1757--1758
\OT1/cmr/m/n/12 02, Security-1,
 []


Underfull \hbox (badness 10000) in paragraph at lines 1763--1763
[]|\OT1/cmr/m/n/12 TVM-
 []


Overfull \hbox (1.50206pt too wide) in paragraph at lines 1763--1763
\OT1/cmr/m/n/12 UseCaseModel| 
 []


Underfull \hbox (badness 10000) in paragraph at lines 1763--1764
[]|\OT1/cmr/m/n/12 "Performance-G-
 []


Underfull \hbox (badness 10000) in paragraph at lines 1763--1764
\OT1/cmr/m/n/12 Accessibility-G-01,
 []


Underfull \hbox (badness 10000) in paragraph at lines 1763--1764
\OT1/cmr/m/n/12 Maintainability-G-
 []


Underfull \hbox (badness 10000) in paragraph at lines 1763--1764
\OT1/cmr/m/n/12 Privacy-G-01,
 []


Underfull \hbox (badness 10000) in paragraph at lines 1763--1764
\OT1/cmr/m/n/12 Privacy-G-
 []


Underfull \hbox (badness 10000) in paragraph at lines 1763--1764
\OT1/cmr/m/n/12 02, Security-1,
 []


Overfull \hbox (19.61497pt too wide) in alignment at lines 1729--1768
 [] [] [] [] [] 
 []

[29] [30] [31]
Overfull \hbox (17.23383pt too wide) in alignment at lines 1772--1809
 [] [] [] 
 []


Underfull \vbox (badness 10000) detected at line 1809
 []


Overfull \hbox (17.23383pt too wide) in alignment at lines 1809--1848
 [] [] [] 
 []

[32]
Overfull \hbox (3.81122pt too wide) in alignment at lines 1854--1891
 [] [] 
 []


Underfull \vbox (badness 10000) detected at line 1891
 []


Overfull \hbox (3.81122pt too wide) in alignment at lines 1891--1909
 [] [] 
 []

[33]
LaTeX Font Info:    Try loading font information for OMS+cmr on input line 1932
.

("C:\Users\Sanchit Kumar\AppData\Local\Programs\MiKTeX 2.9\tex/latex/base\omscm
r.fd"
File: omscmr.fd 2014/09/29 v2.5h Standard LaTeX font definitions
)
LaTeX Font Info:    Font shape `OMS/cmr/m/n' in size <12> not available
(Font)              Font shape `OMS/cmsy/m/n' tried instead on input line 1932.

<Implementation/TVM01.png, id=408, 1335.99126pt x 752.8125pt>
File: Implementation/TVM01.png Graphic file (type png)
<use Implementation/TVM01.png>
Package pdftex.def Info: Implementation/TVM01.png  used on input line 1941.
(pdftex.def)             Requested size: 512.16678pt x 341.43895pt.

Overfull \hbox (29.86389pt too wide) in paragraph at lines 1941--1942
[][] 
 []

[34] [35 <./Implementation/TVM01.png>]
<Implementation/TVM03_1.png, id=420, 694.09312pt x 370.38374pt>
File: Implementation/TVM03_1.png Graphic file (type png)
<use Implementation/TVM03_1.png>
Package pdftex.def Info: Implementation/TVM03_1.png  used on input line 1976.
(pdftex.def)             Requested size: 512.1699pt x 227.62357pt.

Overfull \hbox (29.86702pt too wide) in paragraph at lines 1976--1977
[][] 
 []

<Implementation/TVM03_2.png, id=421, 695.09688pt x 373.89688pt>
File: Implementation/TVM03_2.png Graphic file (type png)
<use Implementation/TVM03_2.png>
Package pdftex.def Info: Implementation/TVM03_2.png  used on input line 1981.
(pdftex.def)             Requested size: 512.16814pt x 227.62035pt.

Overfull \hbox (29.86525pt too wide) in paragraph at lines 1981--1982
[][] 
 []

[36 <./Implementation/TVM03_1.png>]
<Implementation/TVM05.JPG, id=429, 387.94937pt x 415.5525pt>
File: Implementation/TVM05.JPG Graphic file (type jpg)
<use Implementation/TVM05.JPG>
Package pdftex.def Info: Implementation/TVM05.JPG  used on input line 2026.
(pdftex.def)             Requested size: 512.15987pt x 540.66838pt.

Overfull \hbox (29.85698pt too wide) in paragraph at lines 2026--2027
[][] 
 []

[37 <./Implementation/TVM03_2.png>] [38 <./Implementation/TVM05.JPG>]
<Implementation/TVM07.png, id=441, 694.09312pt x 379.91937pt>
File: Implementation/TVM07.png Graphic file (type png)
<use Implementation/TVM07.png>
Package pdftex.def Info: Implementation/TVM07.png  used on input line 2073.
(pdftex.def)             Requested size: 512.1699pt x 284.53302pt.

Overfull \hbox (29.86702pt too wide) in paragraph at lines 2073--2074
[][] 
 []

[39] [40 <./Implementation/TVM07.png>]
<Implementation/TVM09.PNG, id=451, 584.68437pt x 360.34625pt>
File: Implementation/TVM09.PNG Graphic file (type png)
<use Implementation/TVM09.PNG>
Package pdftex.def Info: Implementation/TVM09.PNG  used on input line 2116.
(pdftex.def)             Requested size: 512.19531pt x 284.52745pt.

Overfull \hbox (29.89243pt too wide) in paragraph at lines 2116--2117
[][] 
 []

[41 <./Implementation/TVM09.PNG>] (Deliverable2.gls) (Deliverable2.acr)
Package atveryend Info: Empty hook `BeforeClearDocument' on input line 2157.

[42
runsystem(makeindex -s Deliverable2.ist -t Deliverable2.glg -o Deliverable2.gls
 Deliverable2.glo)...executed (allowed).

runsystem(makeindex -s Deliverable2.ist -t Deliverable2.alg -o Deliverable2.acr
 Deliverable2.acn)...executed (allowed).

]
Package atveryend Info: Empty hook `AfterLastShipout' on input line 2157.
 (Deliverable2.aux)
Package atveryend Info: Executing hook `AtVeryEndDocument' on input line 2157.
Package atveryend Info: Executing hook `AtEndAfterFileList' on input line 2157.

Package rerunfilecheck Info: File `Deliverable2.out' has not changed.
(rerunfilecheck)             Checksum: 7141CED0C174117A9AEADEFE501F468C;3031.


LaTeX Font Warning: Some font shapes were not available, defaults substituted.

Package logreq Info: Writing requests to 'Deliverable2.run.xml'.
\openout1 = `Deliverable2.run.xml'.

Package atveryend Info: Empty hook `AtVeryVeryEnd' on input line 2157.
 ) 
Here is how much of TeX's memory you used:
 19950 strings out of 492895
 354766 string characters out of 3119998
 874823 words of memory out of 3000000
 23451 multiletter control sequences out of 15000+200000
 10430 words of font info for 37 fonts, out of 3000000 for 9000
 1141 hyphenation exceptions out of 8191
 45i,7n,47p,2068b,2761s stack positions out of 5000i,500n,10000p,200000b,50000s
<C:/Users/Sanchit Kumar/AppData/Local/Programs/MiKTeX 2.9/fonts/type1/public/
amsfonts/cm/cmbx12.pfb><C:/Users/Sanchit Kumar/AppData/Local/Programs/MiKTeX 2.
9/fonts/type1/public/amsfonts/cm/cmcsc10.pfb><C:/Users/Sanchit Kumar/AppData/Lo
cal/Programs/MiKTeX 2.9/fonts/type1/public/amsfonts/cm/cmr12.pfb><C:/Users/Sanc
hit Kumar/AppData/Local/Programs/MiKTeX 2.9/fonts/type1/public/amsfonts/cm/cmsy
10.pfb><C:/Users/Sanchit Kumar/AppData/Local/Programs/MiKTeX 2.9/fonts/type1/pu
blic/amsfonts/cm/cmti12.pfb>
Output written on Deliverable2.pdf (43 pages, 3804195 bytes).
PDF statistics:
 519 PDF objects out of 1000 (max. 8388607)
 125 named destinations out of 1000 (max. 500000)
 385 words of extra memory for PDF output out of 10000 (max. 10000000)

