This is pdfTeX, Version 3.14159265-2.6-1.40.20 (MiKTeX 2.9.7050 64-bit) (preloaded format=pdflatex 2019.7.8)  14 OCT 2019 14:09
entering extended mode
**"./Deliverable 1.tex"
("Deliverable 1.tex"
LaTeX2e <2018-12-01>

("C:\Users\Sanchit Kumar\AppData\Local\Programs\MiKTeX 2.9\tex/latex/base\repor
t.cls"
Document Class: report 2018/09/03 v1.4i Standard LaTeX document class

("C:\Users\Sanchit Kumar\AppData\Local\Programs\MiKTeX 2.9\tex/latex/base\size1
2.clo"
File: size12.clo 2018/09/03 v1.4i Standard LaTeX file (size option)
)
\c@part=\count80
\c@chapter=\count81
\c@section=\count82
\c@subsection=\count83
\c@subsubsection=\count84
\c@paragraph=\count85
\c@subparagraph=\count86
\c@figure=\count87
\c@table=\count88
\abovecaptionskip=\skip41
\belowcaptionskip=\skip42
\bibindent=\dimen102
)
("C:\Users\Sanchit Kumar\AppData\Local\Programs\MiKTeX 2.9\tex/latex/geometry\g
eometry.sty"
Package: geometry 2018/04/16 v5.8 Page Geometry

("C:\Users\Sanchit Kumar\AppData\Local\Programs\MiKTeX 2.9\tex/latex/graphics\k
eyval.sty"
Package: keyval 2014/10/28 v1.15 key=value parser (DPC)
\KV@toks@=\toks14
)
("C:\Users\Sanchit Kumar\AppData\Local\Programs\MiKTeX 2.9\tex/generic/oberdiek
\ifpdf.sty"
Package: ifpdf 2018/09/07 v3.3 Provides the ifpdf switch
)
("C:\Users\Sanchit Kumar\AppData\Local\Programs\MiKTeX 2.9\tex/generic/oberdiek
\ifvtex.sty"
Package: ifvtex 2016/05/16 v1.6 Detect VTeX and its facilities (HO)
Package ifvtex Info: VTeX not detected.
)
("C:\Users\Sanchit Kumar\AppData\Local\Programs\MiKTeX 2.9\tex/generic/ifxetex\
ifxetex.sty"
Package: ifxetex 2010/09/12 v0.6 Provides ifxetex conditional
)
\Gm@cnth=\count89
\Gm@cntv=\count90
\c@Gm@tempcnt=\count91
\Gm@bindingoffset=\dimen103
\Gm@wd@mp=\dimen104
\Gm@odd@mp=\dimen105
\Gm@even@mp=\dimen106
\Gm@layoutwidth=\dimen107
\Gm@layoutheight=\dimen108
\Gm@layouthoffset=\dimen109
\Gm@layoutvoffset=\dimen110
\Gm@dimlist=\toks15

("C:\Users\Sanchit Kumar\AppData\Local\Programs\MiKTeX 2.9\tex/latex/geometry\g
eometry.cfg"))
("C:\Users\Sanchit Kumar\AppData\Local\Programs\MiKTeX 2.9\tex/latex/hyperref\h
yperref.sty"
Package: hyperref 2018/11/30 v6.88e Hypertext links for LaTeX

("C:\Users\Sanchit Kumar\AppData\Local\Programs\MiKTeX 2.9\tex/generic/oberdiek
\hobsub-hyperref.sty"
Package: hobsub-hyperref 2016/05/16 v1.14 Bundle oberdiek, subset hyperref (HO)


("C:\Users\Sanchit Kumar\AppData\Local\Programs\MiKTeX 2.9\tex/generic/oberdiek
\hobsub-generic.sty"
Package: hobsub-generic 2016/05/16 v1.14 Bundle oberdiek, subset generic (HO)
Package: hobsub 2016/05/16 v1.14 Construct package bundles (HO)
Package: infwarerr 2016/05/16 v1.4 Providing info/warning/error messages (HO)
Package: ltxcmds 2016/05/16 v1.23 LaTeX kernel commands for general use (HO)
Package: ifluatex 2016/05/16 v1.4 Provides the ifluatex switch (HO)
Package ifluatex Info: LuaTeX not detected.
Package hobsub Info: Skipping package `ifvtex' (already loaded).
Package: intcalc 2016/05/16 v1.2 Expandable calculations with integers (HO)
Package hobsub Info: Skipping package `ifpdf' (already loaded).
Package: etexcmds 2016/05/16 v1.6 Avoid name clashes with e-TeX commands (HO)
Package: kvsetkeys 2016/05/16 v1.17 Key value parser (HO)
Package: kvdefinekeys 2016/05/16 v1.4 Define keys (HO)
Package: pdftexcmds 2018/09/10 v0.29 Utility functions of pdfTeX for LuaTeX (HO
)
Package pdftexcmds Info: LuaTeX not detected.
Package pdftexcmds Info: \pdf@primitive is available.
Package pdftexcmds Info: \pdf@ifprimitive is available.
Package pdftexcmds Info: \pdfdraftmode found.
Package: pdfescape 2016/05/16 v1.14 Implements pdfTeX's escape features (HO)
Package: bigintcalc 2016/05/16 v1.4 Expandable calculations on big integers (HO
)
Package: bitset 2016/05/16 v1.2 Handle bit-vector datatype (HO)
Package: uniquecounter 2016/05/16 v1.3 Provide unlimited unique counter (HO)
)
Package hobsub Info: Skipping package `hobsub' (already loaded).
Package: letltxmacro 2016/05/16 v1.5 Let assignment for LaTeX macros (HO)
Package: hopatch 2016/05/16 v1.3 Wrapper for package hooks (HO)
Package: xcolor-patch 2016/05/16 xcolor patch
Package: atveryend 2016/05/16 v1.9 Hooks at the very end of document (HO)
Package atveryend Info: \enddocument detected (standard20110627).
Package: atbegshi 2016/06/09 v1.18 At begin shipout hook (HO)
Package: refcount 2016/05/16 v3.5 Data extraction from label references (HO)
Package: hycolor 2016/05/16 v1.8 Color options for hyperref/bookmark (HO)
)
("C:\Users\Sanchit Kumar\AppData\Local\Programs\MiKTeX 2.9\tex/latex/oberdiek\a
uxhook.sty"
Package: auxhook 2016/05/16 v1.4 Hooks for auxiliary files (HO)
)
("C:\Users\Sanchit Kumar\AppData\Local\Programs\MiKTeX 2.9\tex/latex/oberdiek\k
voptions.sty"
Package: kvoptions 2016/05/16 v3.12 Key value format for package options (HO)
)
\@linkdim=\dimen111
\Hy@linkcounter=\count92
\Hy@pagecounter=\count93

("C:\Users\Sanchit Kumar\AppData\Local\Programs\MiKTeX 2.9\tex/latex/hyperref\p
d1enc.def"
File: pd1enc.def 2018/11/30 v6.88e Hyperref: PDFDocEncoding definition (HO)
Now handling font encoding PD1 ...
... no UTF-8 mapping file for font encoding PD1
)
\Hy@SavedSpaceFactor=\count94

("C:\Users\Sanchit Kumar\AppData\Local\Programs\MiKTeX 2.9\tex/latex/00miktex\h
yperref.cfg"
File: hyperref.cfg 2002/06/06 v1.2 hyperref configuration of TeXLive
)
Package hyperref Info: Hyper figures OFF on input line 4519.
Package hyperref Info: Link nesting OFF on input line 4524.
Package hyperref Info: Hyper index ON on input line 4527.
Package hyperref Info: Plain pages OFF on input line 4534.
Package hyperref Info: Backreferencing OFF on input line 4539.
Package hyperref Info: Implicit mode ON; LaTeX internals redefined.
Package hyperref Info: Bookmarks ON on input line 4772.
\c@Hy@tempcnt=\count95

("C:\Users\Sanchit Kumar\AppData\Local\Programs\MiKTeX 2.9\tex/latex/url\url.st
y"
\Urlmuskip=\muskip10
Package: url 2013/09/16  ver 3.4  Verb mode for urls, etc.
)
LaTeX Info: Redefining \url on input line 5125.
\XeTeXLinkMargin=\dimen112
\Fld@menulength=\count96
\Field@Width=\dimen113
\Fld@charsize=\dimen114
Package hyperref Info: Hyper figures OFF on input line 6380.
Package hyperref Info: Link nesting OFF on input line 6385.
Package hyperref Info: Hyper index ON on input line 6388.
Package hyperref Info: backreferencing OFF on input line 6395.
Package hyperref Info: Link coloring OFF on input line 6400.
Package hyperref Info: Link coloring with OCG OFF on input line 6405.
Package hyperref Info: PDF/A mode OFF on input line 6410.
LaTeX Info: Redefining \ref on input line 6450.
LaTeX Info: Redefining \pageref on input line 6454.
\Hy@abspage=\count97
\c@Item=\count98
\c@Hfootnote=\count99
)
Package hyperref Info: Driver (autodetected): hpdftex.

("C:\Users\Sanchit Kumar\AppData\Local\Programs\MiKTeX 2.9\tex/latex/hyperref\h
pdftex.def"
File: hpdftex.def 2018/11/30 v6.88e Hyperref driver for pdfTeX
\Fld@listcount=\count100
\c@bookmark@seq@number=\count101

("C:\Users\Sanchit Kumar\AppData\Local\Programs\MiKTeX 2.9\tex/latex/oberdiek\r
erunfilecheck.sty"
Package: rerunfilecheck 2016/05/16 v1.8 Rerun checks for auxiliary files (HO)
Package uniquecounter Info: New unique counter `rerunfilecheck' on input line 2
82.
)
\Hy@SectionHShift=\skip43
)
("C:\Users\Sanchit Kumar\AppData\Local\Programs\MiKTeX 2.9\tex/latex/graphics\g
raphicx.sty"
Package: graphicx 2017/06/01 v1.1a Enhanced LaTeX Graphics (DPC,SPQR)

("C:\Users\Sanchit Kumar\AppData\Local\Programs\MiKTeX 2.9\tex/latex/graphics\g
raphics.sty"
Package: graphics 2017/06/25 v1.2c Standard LaTeX Graphics (DPC,SPQR)

("C:\Users\Sanchit Kumar\AppData\Local\Programs\MiKTeX 2.9\tex/latex/graphics\t
rig.sty"
Package: trig 2016/01/03 v1.10 sin cos tan (DPC)
)
("C:\Users\Sanchit Kumar\AppData\Local\Programs\MiKTeX 2.9\tex/latex/graphics-c
fg\graphics.cfg"
File: graphics.cfg 2016/06/04 v1.11 sample graphics configuration
)
Package graphics Info: Driver file: pdftex.def on input line 99.

("C:\Users\Sanchit Kumar\AppData\Local\Programs\MiKTeX 2.9\tex/latex/graphics-d
ef\pdftex.def"
File: pdftex.def 2018/01/08 v1.0l Graphics/color driver for pdftex
))
\Gin@req@height=\dimen115
\Gin@req@width=\dimen116
)
("C:\Users\Sanchit Kumar\AppData\Local\Programs\MiKTeX 2.9\tex/generic/babel\ba
bel.sty"
Package: babel 2019/06/03 3.32 The Babel package

("C:\Users\Sanchit Kumar\AppData\Local\Programs\MiKTeX 2.9\tex/generic/babel\sw
itch.def"
File: switch.def 2019/06/03 3.32 Babel switching mechanism
)
*************************************
* Local config file bblopts.cfg used
*

("C:\Users\Sanchit Kumar\AppData\Local\Programs\MiKTeX 2.9\tex/latex/arabi\bblo
pts.cfg"
File: bblopts.cfg 2005/09/08 v0.1 add Arabic and Farsi to "declared" options of
 babel
)
("C:\Users\Sanchit Kumar\AppData\Local\Programs\MiKTeX 2.9\tex/latex/babel-engl
ish\english.ldf"
Language: english 2017/06/06 v3.3r English support from the babel system

("C:\Users\Sanchit Kumar\AppData\Local\Programs\MiKTeX 2.9\tex/generic/babel\ba
bel.def"
File: babel.def 2019/06/03 3.32 Babel common definitions
\babel@savecnt=\count102
\U@D=\dimen117

("C:\Users\Sanchit Kumar\AppData\Local\Programs\MiKTeX 2.9\tex/generic/babel\tx
tbabel.def")
\bbl@dirlevel=\count103
)
\l@canadian = a dialect from \language\l@american 
\l@australian = a dialect from \language\l@british 
\l@newzealand = a dialect from \language\l@british 
))
("C:\Users\Sanchit Kumar\AppData\Local\Programs\MiKTeX 2.9\tex/latex/base\input
enc.sty"
Package: inputenc 2018/08/11 v1.3c Input encoding file
\inpenc@prehook=\toks16
\inpenc@posthook=\toks17

("C:\Users\Sanchit Kumar\AppData\Local\Programs\MiKTeX 2.9\tex/latex/ucs\utf8x.
def"
File: utf8x.def 2004/10/17 UCS: Input encoding UTF-8
))
("C:\Users\Sanchit Kumar\AppData\Local\Programs\MiKTeX 2.9\tex/latex/ucs\ucs.st
y"
Package: ucs 2013/05/11 v2.2 UCS: Unicode input support

("C:\Users\Sanchit Kumar\AppData\Local\Programs\MiKTeX 2.9\tex/latex/ucs\uni-gl
obal.def"
File: uni-global.def 2013/05/13 UCS: Unicode global data
)
\uc@secondtry=\count104
\uc@combtoks=\toks18
\uc@combtoksb=\toks19
\uc@temptokena=\toks20
)
("C:\Users\Sanchit Kumar\AppData\Local\Programs\MiKTeX 2.9\tex/latex/glossaries
/base\glossaries.sty"
Package: glossaries 2019/01/06 v4.42 (NLCT)

("C:\Users\Sanchit Kumar\AppData\Local\Programs\MiKTeX 2.9\tex/latex/base\ifthe
n.sty"
Package: ifthen 2014/09/29 v1.1c Standard LaTeX ifthen package (DPC)
)
("C:\Users\Sanchit Kumar\AppData\Local\Programs\MiKTeX 2.9\tex/latex/xkeyval\xk
eyval.sty"
Package: xkeyval 2014/12/03 v2.7a package option processing (HA)

("C:\Users\Sanchit Kumar\AppData\Local\Programs\MiKTeX 2.9\tex/generic/xkeyval\
xkeyval.tex"
("C:\Users\Sanchit Kumar\AppData\Local\Programs\MiKTeX 2.9\tex/generic/xkeyval\
xkvutils.tex"
\XKV@toks=\toks21
\XKV@tempa@toks=\toks22
)
\XKV@depth=\count105
File: xkeyval.tex 2014/12/03 v2.7a key=value parser (HA)
))
("C:\Users\Sanchit Kumar\AppData\Local\Programs\MiKTeX 2.9\tex/latex/mfirstuc\m
firstuc.sty"
Package: mfirstuc 2017/11/14 v2.06 (NLCT)

("C:\Users\Sanchit Kumar\AppData\Local\Programs\MiKTeX 2.9\tex/latex/etoolbox\e
toolbox.sty"
Package: etoolbox 2018/08/19 v2.5f e-TeX tools for LaTeX (JAW)
\etb@tempcnta=\count106
)
\@glsmfirst=\toks23
\@glsmrest=\toks24
)
("C:\Users\Sanchit Kumar\AppData\Local\Programs\MiKTeX 2.9\tex/latex/textcase\t
extcase.sty"
Package: textcase 2019/09/14 v1.00 Text only upper/lower case changing (DPC)
)
("C:\Users\Sanchit Kumar\AppData\Local\Programs\MiKTeX 2.9\tex/latex/xfor\xfor.
sty"
Package: xfor 2009/02/05 v1.05 (NLCT)
)
("C:\Users\Sanchit Kumar\AppData\Local\Programs\MiKTeX 2.9\tex/latex/datatool\d
atatool-base.sty"
Package: datatool-base 2018/12/07 v2.31 (NLCT)

("C:\Users\Sanchit Kumar\AppData\Local\Programs\MiKTeX 2.9\tex/latex/amsmath\am
smath.sty"
Package: amsmath 2018/12/01 v2.17b AMS math features
\@mathmargin=\skip44

For additional information on amsmath, use the `?' option.

("C:\Users\Sanchit Kumar\AppData\Local\Programs\MiKTeX 2.9\tex/latex/amsmath\am
stext.sty"
Package: amstext 2000/06/29 v2.01 AMS text

("C:\Users\Sanchit Kumar\AppData\Local\Programs\MiKTeX 2.9\tex/latex/amsmath\am
sgen.sty"
File: amsgen.sty 1999/11/30 v2.0 generic functions
\@emptytoks=\toks25
\ex@=\dimen118
))
("C:\Users\Sanchit Kumar\AppData\Local\Programs\MiKTeX 2.9\tex/latex/amsmath\am
sbsy.sty"
Package: amsbsy 1999/11/29 v1.2d Bold Symbols
\pmbraise@=\dimen119
)
("C:\Users\Sanchit Kumar\AppData\Local\Programs\MiKTeX 2.9\tex/latex/amsmath\am
sopn.sty"
Package: amsopn 2016/03/08 v2.02 operator names
)
\inf@bad=\count107
LaTeX Info: Redefining \frac on input line 223.
\uproot@=\count108
\leftroot@=\count109
LaTeX Info: Redefining \overline on input line 385.
\classnum@=\count110
\DOTSCASE@=\count111
LaTeX Info: Redefining \ldots on input line 482.
LaTeX Info: Redefining \dots on input line 485.
LaTeX Info: Redefining \cdots on input line 606.
\Mathstrutbox@=\box27
\strutbox@=\box28
\big@size=\dimen120
LaTeX Font Info:    Redeclaring font encoding OML on input line 729.
LaTeX Font Info:    Redeclaring font encoding OMS on input line 730.
\macc@depth=\count112
\c@MaxMatrixCols=\count113
\dotsspace@=\muskip11
\c@parentequation=\count114
\dspbrk@lvl=\count115
\tag@help=\toks26
\row@=\count116
\column@=\count117
\maxfields@=\count118
\andhelp@=\toks27
\eqnshift@=\dimen121
\alignsep@=\dimen122
\tagshift@=\dimen123
\tagwidth@=\dimen124
\totwidth@=\dimen125
\lineht@=\dimen126
\@envbody=\toks28
\multlinegap=\skip45
\multlinetaggap=\skip46
\mathdisplay@stack=\toks29
LaTeX Info: Redefining \[ on input line 2844.
LaTeX Info: Redefining \] on input line 2845.
)
("C:\Users\Sanchit Kumar\AppData\Local\Programs\MiKTeX 2.9\tex/latex/substr\sub
str.sty"
Package: substr 2009/10/20 v1.2 Handle substrings
\c@su@anzahl=\count119
)
("C:\Users\Sanchit Kumar\AppData\Local\Programs\MiKTeX 2.9\tex/latex/datatool\d
atatool-fp.sty"
Package: datatool-fp 2018/12/07 v2.31 (NLCT)

("C:\Users\Sanchit Kumar\AppData\Local\Programs\MiKTeX 2.9\tex/latex/fp\fp.sty"
Package: fp 1995/04/02
`Fixed Point Package', Version 0.8, April 2, 1995 (C) Michael Mehlich
("C:\Users\Sanchit Kumar\AppData\Local\Programs\MiKTeX 2.9\tex/latex/fp\defpatt
ern.sty"
Package: defpattern 1994/10/12
\actioncount=\count120
)
("C:\Users\Sanchit Kumar\AppData\Local\Programs\MiKTeX 2.9\tex/latex/fp\fp-basi
c.sty"
Package: fp-basic 1996/05/13
\FP@xs=\count121
\FP@xia=\count122
\FP@xib=\count123
\FP@xfa=\count124
\FP@xfb=\count125
\FP@rega=\count126
\FP@regb=\count127
\FP@regs=\count128
\FP@times=\count129
)
("C:\Users\Sanchit Kumar\AppData\Local\Programs\MiKTeX 2.9\tex/latex/fp\fp-addo
ns.sty"
Package: fp-addons 1995/03/15
)
("C:\Users\Sanchit Kumar\AppData\Local\Programs\MiKTeX 2.9\tex/latex/fp\fp-snap
.sty"
Package: fp-snap 1995/04/05
)
("C:\Users\Sanchit Kumar\AppData\Local\Programs\MiKTeX 2.9\tex/latex/fp\fp-exp.
sty"
Package: fp-exp 1995/04/03
)
("C:\Users\Sanchit Kumar\AppData\Local\Programs\MiKTeX 2.9\tex/latex/fp\fp-trig
o.sty"
Package: fp-trigo 1995/04/14
)
("C:\Users\Sanchit Kumar\AppData\Local\Programs\MiKTeX 2.9\tex/latex/fp\fp-pas.
sty"
Package: fp-pas 1994/08/29
)
("C:\Users\Sanchit Kumar\AppData\Local\Programs\MiKTeX 2.9\tex/latex/fp\fp-rand
om.sty"
Package: fp-random 1995/02/23
\FPseed=\count130
)
("C:\Users\Sanchit Kumar\AppData\Local\Programs\MiKTeX 2.9\tex/latex/fp\fp-eqn.
sty"
Package: fp-eqn 1995/04/03
)
("C:\Users\Sanchit Kumar\AppData\Local\Programs\MiKTeX 2.9\tex/latex/fp\fp-upn.
sty"
Package: fp-upn 1996/10/21
)
("C:\Users\Sanchit Kumar\AppData\Local\Programs\MiKTeX 2.9\tex/latex/fp\fp-eval
.sty"
Package: fp-eval 1995/04/03
)))
\@dtl@toks=\toks30
\@dtl@tmpcount=\count131
\dtl@tmplength=\skip47
\dtl@sortresult=\count132
\@dtl@numgrpsepcount=\count133
\@dtl@datatype=\count134
\dtl@codeA=\count135
\dtl@codeB=\count136
\@dtl@foreach@level=\count137
)
("C:\Users\Sanchit Kumar\AppData\Local\Programs\MiKTeX 2.9\tex/latex/glossaries
/base\glossaries-compatible-307.sty"
Package: glossaries-compatible-307 2019/01/06 v4.42 (NLCT)
)
("C:\Users\Sanchit Kumar\AppData\Local\Programs\MiKTeX 2.9\tex/latex/tracklang\
tracklang.sty"
Package: tracklang 2019/08/31 v1.3.7 (NLCT) Track Languages

("C:\Users\Sanchit Kumar\AppData\Local\Programs\MiKTeX 2.9\tex/generic/tracklan
g\tracklang.tex"))
("C:\Users\Sanchit Kumar\AppData\Local\Programs\MiKTeX 2.9\tex/latex/translator
\translator.sty"
Package: translator 2019-05-31 v1.12a Easy translation of strings in LaTeX
)
("C:\Users\Sanchit Kumar\AppData\Local\Programs\MiKTeX 2.9\tex/latex/glossaries
-english\glossaries-english.ldf"
File: glossaries-english.ldf 2014/11/23 v1.0
)
\gls@level=\count138
\@gls@tmpb=\toks31
\gls@tmplen=\skip48
\glskeylisttok=\toks32
\glslabeltok=\toks33
\glsshorttok=\toks34
\glslongtok=\toks35

("C:\Users\Sanchit Kumar\AppData\Local\Programs\MiKTeX 2.9\tex/latex/glossaries
/styles\glossary-hypernav.sty"
Package: glossary-hypernav 2019/01/06 v4.42 (NLCT)
)
("C:\Users\Sanchit Kumar\AppData\Local\Programs\MiKTeX 2.9\tex/latex/glossaries
/styles\glossary-list.sty"
Package: glossary-list 2019/01/06 v4.42 (NLCT)
\glslistdottedwidth=\skip49
)
("C:\Users\Sanchit Kumar\AppData\Local\Programs\MiKTeX 2.9\tex/latex/glossaries
/styles\glossary-long.sty"
Package: glossary-long 2019/01/06 v4.42 (NLCT)

("C:\Users\Sanchit Kumar\AppData\Local\Programs\MiKTeX 2.9\tex/latex/tools\long
table.sty"
Package: longtable 2014/10/28 v4.11 Multi-page Table package (DPC)+ FMi change
\LTleft=\skip50
\LTright=\skip51
\LTpre=\skip52
\LTpost=\skip53
\LTchunksize=\count139
\LTcapwidth=\dimen127
\LT@head=\box29
\LT@firsthead=\box30
\LT@foot=\box31
\LT@lastfoot=\box32
\LT@cols=\count140
\LT@rows=\count141
\c@LT@tables=\count142
\c@LT@chunks=\count143
\LT@p@ftn=\toks36
)
\glsdescwidth=\skip54
\glspagelistwidth=\skip55
)
("C:\Users\Sanchit Kumar\AppData\Local\Programs\MiKTeX 2.9\tex/latex/glossaries
/styles\glossary-super.sty"
Package: glossary-super 2019/01/06 v4.42 (NLCT)

("C:\Users\Sanchit Kumar\AppData\Local\Programs\MiKTeX 2.9\tex/latex/supertabul
ar\supertabular.sty"
Package: supertabular 2004/02/20 v4.1e the supertabular environment
\c@tracingst=\count144
\ST@wd=\dimen128
\ST@rightskip=\skip56
\ST@leftskip=\skip57
\ST@parfillskip=\skip58
\ST@pageleft=\dimen129
\ST@headht=\dimen130
\ST@tailht=\dimen131
\ST@pagesofar=\dimen132
\ST@pboxht=\dimen133
\ST@lineht=\dimen134
\ST@stretchht=\dimen135
\ST@prevht=\dimen136
\ST@toadd=\dimen137
\ST@dimen=\dimen138
\ST@pbox=\box33
))
("C:\Users\Sanchit Kumar\AppData\Local\Programs\MiKTeX 2.9\tex/latex/glossaries
/styles\glossary-tree.sty"
Package: glossary-tree 2019/01/06 v4.42 (NLCT)
\glstreeindent=\skip59
))
("C:\Users\Sanchit Kumar\AppData\Local\Programs\MiKTeX 2.9\tex/latex/placeins\p
laceins.sty"
Package: placeins 2005/04/18  v 2.2
)

Package glossaries Warning: Use of \makeglossary with glossaries.sty is 
(glossaries)                deprecated. Use \makeglossaries instead. If you 
(glossaries)                need the original definition of \makeglossary use 
(glossaries)                the package options kernelglossredefs=false (to 
(glossaries)                restore the former definition of \makeglossary) and
 
(glossaries)                nomain (if the file extensions cause a conflict) on
 input line 81.

\glswrite=\write3
\glo@main@file=\write4
\openout4 = `"Deliverable 1.glo"'.

Package glossaries Info: Writing glossary file "Deliverable 1".glo on input lin
e 81.
\glo@acronym@file=\write5
\openout5 = `"Deliverable 1.acn"'.

Package glossaries Info: Writing glossary file "Deliverable 1".acn on input lin
e 81.
("Deliverable 1.aux")
\openout1 = `"Deliverable 1.aux"'.

LaTeX Font Info:    Checking defaults for OML/cmm/m/it on input line 83.
LaTeX Font Info:    ... okay on input line 83.
LaTeX Font Info:    Checking defaults for T1/cmr/m/n on input line 83.
LaTeX Font Info:    ... okay on input line 83.
LaTeX Font Info:    Checking defaults for OT1/cmr/m/n on input line 83.
LaTeX Font Info:    ... okay on input line 83.
LaTeX Font Info:    Checking defaults for OMS/cmsy/m/n on input line 83.
LaTeX Font Info:    ... okay on input line 83.
LaTeX Font Info:    Checking defaults for OMX/cmex/m/n on input line 83.
LaTeX Font Info:    ... okay on input line 83.
LaTeX Font Info:    Checking defaults for U/cmr/m/n on input line 83.
LaTeX Font Info:    ... okay on input line 83.
LaTeX Font Info:    Checking defaults for PD1/pdf/m/n on input line 83.
LaTeX Font Info:    ... okay on input line 83.

*geometry* driver: auto-detecting
*geometry* detected driver: pdftex
*geometry* verbose mode - [ preamble ] result:
* driver: pdftex
* paper: a4paper
* layout: <same size as paper>
* layoutoffset:(h,v)=(0.0pt,0.0pt)
* modes: 
* h-part:(L,W,R)=(54.2025pt, 489.10287pt, 54.2025pt)
* v-part:(T,H,B)=(108.405pt, 628.23685pt, 108.405pt)
* \paperwidth=597.50787pt
* \paperheight=845.04684pt
* \textwidth=489.10287pt
* \textheight=628.23685pt
* \oddsidemargin=-18.06749pt
* \evensidemargin=-18.06749pt
* \topmargin=-0.86499pt
* \headheight=12.0pt
* \headsep=25.0pt
* \topskip=12.0pt
* \footskip=18.06749pt
* \marginparwidth=35.0pt
* \marginparsep=10.0pt
* \columnsep=10.0pt
* \skip\footins=10.8pt plus 4.0pt minus 2.0pt
* \hoffset=0.0pt
* \voffset=0.0pt
* \mag=1000
* \@twocolumnfalse
* \@twosidefalse
* \@mparswitchfalse
* \@reversemarginfalse
* (1in=72.27pt=25.4mm, 1cm=28.453pt)

\AtBeginShipoutBox=\box34
Package hyperref Info: Link coloring OFF on input line 83.

("C:\Users\Sanchit Kumar\AppData\Local\Programs\MiKTeX 2.9\tex/latex/hyperref\n
ameref.sty"
Package: nameref 2016/05/21 v2.44 Cross-referencing by name of section

("C:\Users\Sanchit Kumar\AppData\Local\Programs\MiKTeX 2.9\tex/generic/oberdiek
\gettitlestring.sty"
Package: gettitlestring 2016/05/16 v1.5 Cleanup title references (HO)
)
\c@section@level=\count145
)
LaTeX Info: Redefining \ref on input line 83.
LaTeX Info: Redefining \pageref on input line 83.
LaTeX Info: Redefining \nameref on input line 83.
 ("Deliverable 1.out") ("Deliverable 1.out")
\@outlinefile=\write6
\openout6 = `"Deliverable 1.out"'.


("C:\Users\Sanchit Kumar\AppData\Local\Programs\MiKTeX 2.9\tex/context/base/mki
i\supp-pdf.mkii"
[Loading MPS to PDF converter (version 2006.09.02).]
\scratchcounter=\count146
\scratchdimen=\dimen139
\scratchbox=\box35
\nofMPsegments=\count147
\nofMParguments=\count148
\everyMPshowfont=\toks37
\MPscratchCnt=\count149
\MPscratchDim=\dimen140
\MPnumerator=\count150
\makeMPintoPDFobject=\count151
\everyMPtoPDFconversion=\toks38
)
("C:\Users\Sanchit Kumar\AppData\Local\Programs\MiKTeX 2.9\tex/latex/oberdiek\e
pstopdf-base.sty"
Package: epstopdf-base 2016/05/15 v2.6 Base part for package epstopdf

("C:\Users\Sanchit Kumar\AppData\Local\Programs\MiKTeX 2.9\tex/latex/oberdiek\g
rfext.sty"
Package: grfext 2016/05/16 v1.2 Manage graphics extensions (HO)
)
Package epstopdf-base Info: Redefining graphics rule for `.eps' on input line 4
38.
Package grfext Info: Graphics extension search list:
(grfext)             [.pdf,.png,.jpg,.mps,.jpeg,.jbig2,.jb2,.PDF,.PNG,.JPG,.JPE
G,.JBIG2,.JB2,.eps]
(grfext)             \AppendGraphicsExtensions on input line 456.
)
("C:\Users\Sanchit Kumar\AppData\Local\Programs\MiKTeX 2.9\tex/latex/ucs\ucsenc
s.def"
File: ucsencs.def 2011/01/21 Fixes to fontencodings LGR, T3
)
<University_logo.jpg, id=79, 1724.4425pt x 530.98375pt>
File: University_logo.jpg Graphic file (type jpg)
<use University_logo.jpg>
Package pdftex.def Info: University_logo.jpg  used on input line 95.
(pdftex.def)             Requested size: 172.45435pt x 53.10147pt.


LaTeX Font Warning: Font shape `OT1/cmr/bx/sc' undefined
(Font)              using `OT1/cmr/bx/n' instead on input line 96.

[1

\openout3 = `"Deliverable 1.ist"'.

{C:/Users/Sanchit Kumar/AppData/Local/MiKTeX/2.9/pdftex/config/pdftex.map} <./U
niversity_logo.jpg>] ("Deliverable 1.toc")
\tf@toc=\write7
\openout7 = `"Deliverable 1.toc"'.

pdfTeX warning (ext4): destination with the same identifier (name{page.1}) has 
been already used, duplicate ignored
<to be read again> 
                   \relax 
l.156 \chapter
              *{\centering Deliverable - 1} [1

]
Missing character: There is no Ã in font cmr12!
Missing character: There is no © in font cmr12!
Missing character: There is no Ã in font cmr12!
Missing character: There is no © in font cmr12!
Missing character: There is no Ã in font cmr12!
Missing character: There is no © in font cmr12!

("C:\Users\Sanchit Kumar\AppData\Local\Programs\MiKTeX 2.9\tex/latex/ucs\uni-0.
def"
File: uni-0.def 2013/05/13 UCS: Unicode data U+0000..U+00FF
)
Overfull \hbox (24.54599pt too wide) in paragraph at lines 168--169
[][]\OT1/cmr/m/n/12 Soci[Pleaseinsert\PrerenderUnicode{}intopreamble]t[Pleasein
sert\PrerenderUnicode{}intopreamble]
 []


Overfull \hbox (0.71983pt too wide) in paragraph at lines 168--169
\OT1/cmr/m/n/12 de trans-port de Montr[Pleaseinsert\PrerenderUnicode{}intopream
ble]al (STM)[](Societe de trans-
 []


Underfull \hbox (badness 10000) in paragraph at lines 168--169

 []


Underfull \hbox (badness 10000) in paragraph at lines 171--172

 []

[2

]
Underfull \hbox (badness 10000) in paragraph at lines 211--211
[]\OT1/cmr/m/n/12 Physical Char-
 []


Underfull \hbox (badness 4621) in paragraph at lines 231--231
[]\OT1/cmr/m/n/12 Special Vari-ant
 []


Underfull \hbox (badness 10000) in paragraph at lines 231--231
\OT1/cmr/m/n/12 Pref-er-ences in
 []


Overfull \hbox (9.68845pt too wide) in paragraph at lines 193--250
[] 
 []


Underfull \hbox (badness 7704) in paragraph at lines 256--256
[]\OT1/cmr/m/n/12 Workflow Con-
 []


Underfull \hbox (badness 10000) in paragraph at lines 272--272
[]\OT1/cmr/m/n/12 Physical En-vi-
 []


Underfull \hbox (badness 2285) in paragraph at lines 275--275
[]\OT1/cmr/m/n/12 Technical En-vi-
 []


Underfull \hbox (badness 3713) in paragraph at lines 278--278
[]\OT1/cmr/m/n/12 Social En-vi-ron-
 []


Overfull \hbox (27.31326pt too wide) in paragraph at lines 254--282
[][] 
 []

[3] [4]
Underfull \hbox (badness 10000) in paragraph at lines 319--319
[]\OT1/cmr/m/n/12 Unregistered
 []


Overfull \hbox (9.68845pt too wide) in paragraph at lines 297--342
[] 
 []


Underfull \hbox (badness 10000) in paragraph at lines 356--356
[]\OT1/cmr/m/n/12 Non-
 []


Underfull \hbox (badness 10000) in paragraph at lines 356--356
\OT1/cmr/m/n/12 Rechargeable
 []


Underfull \hbox (badness 10000) in paragraph at lines 359--359
[]\OT1/cmr/m/n/12 Rechargable
 []


Underfull \hbox (badness 10000) in paragraph at lines 383--383
[]\OT1/cmr/m/n/12 Payment Au-
 []


("C:\Users\Sanchit Kumar\AppData\Local\Programs\MiKTeX 2.9\tex/latex/ucs\uni-32
.def"
File: uni-32.def 2013/05/13 UCS: Unicode data U+2000..U+20FF
)
Overfull \hbox (27.31326pt too wide) in paragraph at lines 345--391
[][] 
 []


Underfull \hbox (badness 10000) in paragraph at lines 345--391

 []

[5] [6]
<domain_model.jpeg, id=152, 1066.4643pt x 688.7331pt>
File: domain_model.jpeg Graphic file (type jpg)
<use domain_model.jpeg>
Package pdftex.def Info: domain_model.jpeg  used on input line 397.
(pdftex.def)             Requested size: 512.15742pt x 569.08408pt.

Overfull \hbox (29.85454pt too wide) in paragraph at lines 397--398
 [][] 
 []

[7 <./domain_model.jpeg>]
Overfull \hbox (13.46085pt too wide) in paragraph at lines 413--446
[] 
 []

<Use_Case_Diagrams/ChangeLanguage.JPG, id=158, 530.73282pt x 648.92438pt>
File: Use_Case_Diagrams/ChangeLanguage.JPG Graphic file (type jpg)
<use Use_Case_Diagrams/ChangeLanguage.JPG>
Package pdftex.def Info: Use_Case_Diagrams/ChangeLanguage.JPG  used on input li
ne 448.
(pdftex.def)             Requested size: 489.10287pt x 598.03755pt.

Overfull \hbox (6.79999pt too wide) in paragraph at lines 448--449
[][] 
 []


LaTeX Warning: Float too large for page by 0.03401pt on input line 450.


Overfull \hbox (13.46085pt too wide) in paragraph at lines 457--494
[] 
 []

<Use_Case_Diagrams/ViewTicketPlan.jpeg, id=159, 794.97pt x 451.6875pt>
File: Use_Case_Diagrams/ViewTicketPlan.jpeg Graphic file (type jpg)
<use Use_Case_Diagrams/ViewTicketPlan.jpeg>
Package pdftex.def Info: Use_Case_Diagrams/ViewTicketPlan.jpeg  used on input l
ine 496.
(pdftex.def)             Requested size: 489.10287pt x 277.90677pt.

Overfull \hbox (6.79999pt too wide) in paragraph at lines 496--497
[][] 
 []

[8]
Underfull \hbox (badness 1755) in paragraph at lines 554--555
[]\OT1/cmr/m/n/12 System ex-its and dis-plays wel-come
 []


Overfull \hbox (13.46085pt too wide) in paragraph at lines 503--560
[] 
 []

<Use_Case_Diagrams/BuyTicket.jpeg, id=164, 813.0375pt x 569.2467pt>
File: Use_Case_Diagrams/BuyTicket.jpeg Graphic file (type jpg)
<use Use_Case_Diagrams/BuyTicket.jpeg>
Package pdftex.def Info: Use_Case_Diagrams/BuyTicket.jpeg  used on input line 5
62.
(pdftex.def)             Requested size: 489.10287pt x 342.44531pt.

Overfull \hbox (6.79999pt too wide) in paragraph at lines 562--563
[][] 
 []

[9]
Underfull \hbox (badness 7851) in paragraph at lines 610--611
[]\OT1/cmr/m/n/12 System cre-ate a trans-ac-tion and
 []


Overfull \hbox (13.46085pt too wide) in paragraph at lines 569--618
[] 
 []

[10]
<Use_Case_Diagrams/MakePayment.JPG, id=173, 680.5425pt x 546.54187pt>
File: Use_Case_Diagrams/MakePayment.JPG Graphic file (type jpg)
<use Use_Case_Diagrams/MakePayment.JPG>
Package pdftex.def Info: Use_Case_Diagrams/MakePayment.JPG  used on input line 
654.
(pdftex.def)             Requested size: 489.10287pt x 392.80098pt.

Overfull \hbox (6.79999pt too wide) in paragraph at lines 654--655
[][] 
 []

[11]
Underfull \hbox (badness 7397) in paragraph at lines 688--689
[]\OT1/cmr/m/n/12 System dis-plays dif-fer-ent recharge
 []


Overfull \hbox (13.46085pt too wide) in paragraph at lines 659--717
[] 
 []

<Use_Case_Diagrams/ReloadCard.jpeg, id=178, 641.5167pt x 469.755pt>
File: Use_Case_Diagrams/ReloadCard.jpeg Graphic file (type jpg)
<use Use_Case_Diagrams/ReloadCard.jpeg>
Package pdftex.def Info: Use_Case_Diagrams/ReloadCard.jpeg  used on input line 
720.
(pdftex.def)             Requested size: 489.10287pt x 358.15721pt.

Overfull \hbox (6.79999pt too wide) in paragraph at lines 720--721
[][] 
 []

[12] [13]
Overfull \vbox (38.11218pt too high) has occurred while \output is active []


[14]
Overfull \hbox (13.46085pt too wide) in paragraph at lines 726--770
[] 
 []


Overfull \hbox (48.68544pt too wide) in paragraph at lines 779--823
[] 
 []

<Use_Case_Diagrams/CustomerRegistration.jpeg, id=192, 523.9575pt x 350.0277pt>
File: Use_Case_Diagrams/CustomerRegistration.jpeg Graphic file (type jpg)
<use Use_Case_Diagrams/CustomerRegistration.jpeg>
Package pdftex.def Info: Use_Case_Diagrams/CustomerRegistration.jpeg  used on i
nput line 826.
(pdftex.def)             Requested size: 489.10287pt x 326.75082pt.

Overfull \hbox (6.79999pt too wide) in paragraph at lines 826--827
[][] 
 []

[15]
Underfull \hbox (badness 1325) in paragraph at lines 863--864
[]\OT1/cmr/m/n/12 System de-cline unau-tho-rized ac-cess.
 []


Overfull \hbox (13.46085pt too wide) in paragraph at lines 834--880
[] 
 []

[16]
Underfull \hbox (badness 1325) in paragraph at lines 917--918
[]\OT1/cmr/m/n/12 System de-cline unau-tho-rized ac-cess.
 []


Overfull \hbox (13.46085pt too wide) in paragraph at lines 888--934
[] 
 []

<Use_Case_Diagrams/PasswordReset_AD.jpeg, id=201, 794.97pt x 614.295pt>
File: Use_Case_Diagrams/PasswordReset_AD.jpeg Graphic file (type jpg)
<use Use_Case_Diagrams/PasswordReset_AD.jpeg>
Package pdftex.def Info: Use_Case_Diagrams/PasswordReset_AD.jpeg  used on input
 line 943.
(pdftex.def)             Requested size: 489.10287pt x 377.95322pt.

Overfull \hbox (6.79999pt too wide) in paragraph at lines 943--944
[][] 
 []

[17]
<Use_Case_Diagrams/BuyTicket_seq.jpeg, id=206, 840.9819pt x 491.436pt>
File: Use_Case_Diagrams/BuyTicket_seq.jpeg Graphic file (type jpg)
<use Use_Case_Diagrams/BuyTicket_seq.jpeg>
Package pdftex.def Info: Use_Case_Diagrams/BuyTicket_seq.jpeg  used on input li
ne 950.
(pdftex.def)             Requested size: 489.10287pt x 285.81294pt.

Overfull \hbox (6.79999pt too wide) in paragraph at lines 950--951
[][] 
 []

<Use_Case_Diagrams/BuyTicket_AD.jpeg, id=207, 469.755pt x 587.3142pt>
File: Use_Case_Diagrams/BuyTicket_AD.jpeg Graphic file (type jpg)
<use Use_Case_Diagrams/BuyTicket_AD.jpeg>
Package pdftex.def Info: Use_Case_Diagrams/BuyTicket_AD.jpeg  used on input lin
e 957.
(pdftex.def)             Requested size: 440.18959pt x 550.34581pt.
("Deliverable 1.gls" [18] [19 <./Use_Case_Diagrams/ChangeLanguage.JPG>]
[20 <./Use_Case_Diagrams/ViewTicketPlan.jpeg>] [21 <./Use_Case_Diagrams/BuyTick
et.jpeg>] [22 <./Use_Case_Diagrams/MakePayment.JPG>] [23 <./Use_Case_Diagrams/R
eloadCard.jpeg>] [24 <./Use_Case_Diagrams/CustomerRegistration.jpeg>] [25 <./Us
e_Case_Diagrams/PasswordReset_AD.jpeg>] [26 <./Use_Case_Diagrams/BuyTicket_seq.
jpeg>] [27 <./Use_Case_Diagrams/BuyTicket_AD.jpeg>]) ("Deliverable 1.acr"
[28


])
Package atveryend Info: Empty hook `BeforeClearDocument' on input line 963.
 [29


runsystem(makeindex -s "Deliverable 1".ist -t "Deliverable 1".glg -o "Deliverab
le 1".gls "Deliverable 1".glo)...executed (allowed).

runsystem(makeindex -s "Deliverable 1".ist -t "Deliverable 1".alg -o "Deliverab
le 1".acr "Deliverable 1".acn)...executed (allowed).

]
Package atveryend Info: Empty hook `AfterLastShipout' on input line 963.
 ("Deliverable 1.aux")
Package atveryend Info: Executing hook `AtVeryEndDocument' on input line 963.
Package atveryend Info: Executing hook `AtEndAfterFileList' on input line 963.
Package rerunfilecheck Info: File `"Deliverable 1".out' has not changed.
(rerunfilecheck)             Checksum: BA8B68649986248D04C9697129E9DAA0;1306.


LaTeX Font Warning: Some font shapes were not available, defaults substituted.

Package atveryend Info: Empty hook `AtVeryVeryEnd' on input line 963.
 ) 
Here is how much of TeX's memory you used:
 14114 strings out of 492895
 237192 string characters out of 3119998
 392679 words of memory out of 3000000
 17723 multiletter control sequences out of 15000+200000
 10083 words of font info for 36 fonts, out of 3000000 for 9000
 1141 hyphenation exceptions out of 8191
 45i,8n,39p,2071b,478s stack positions out of 5000i,500n,10000p,200000b,50000s
<C:/Users/Sanchit Kumar/AppData/Local/Programs/MiKTeX 2.9/fonts/type1/public/
amsfonts/cm/cmbx12.pfb><C:/Users/Sanchit Kumar/AppData/Local/Programs/MiKTeX 2.
9/fonts/type1/public/amsfonts/cm/cmr12.pfb>
Output written on "Deliverable 1.pdf" (30 pages, 2086844 bytes).
PDF statistics:
 303 PDF objects out of 1000 (max. 8388607)
 72 named destinations out of 1000 (max. 500000)
 208 words of extra memory for PDF output out of 10000 (max. 10000000)

