\BOOKMARK [1][-]{section.1.1}{Problem 1}{}% 1
\BOOKMARK [2][-]{subsection.1.1.1}{iGo Description}{section.1.1}% 2
\BOOKMARK [2][-]{subsection.1.1.2}{Scope of Use}{section.1.1}% 3
\BOOKMARK [1][-]{section.1.2}{Problem 2}{}% 4
\BOOKMARK [2][-]{subsection.1.2.1}{User Requirements Elicitation}{section.1.2}% 5
\BOOKMARK [2][-]{subsection.1.2.2}{Mind Map for TVM}{section.1.2}% 6
\BOOKMARK [2][-]{subsection.1.2.3}{Context of Use Model: User}{section.1.2}% 7
\BOOKMARK [2][-]{subsection.1.2.4}{Context of Use Model: Admin}{section.1.2}% 8
\BOOKMARK [1][-]{section.1.3}{Problem 3}{}% 9
\BOOKMARK [2][-]{subsection.1.3.1}{Domain Model}{section.1.3}% 10
\BOOKMARK [1][-]{section.1.4}{Problem 4}{}% 11
\BOOKMARK [2][-]{subsection.1.4.1}{Use Case Model}{section.1.4}% 12
\BOOKMARK [2][-]{subsection.1.4.2}{Use Case: Change Language}{section.1.4}% 13
\BOOKMARK [2][-]{subsection.1.4.3}{Use Case: View Ticket Plans}{section.1.4}% 14
\BOOKMARK [2][-]{subsection.1.4.4}{Use Case: Buy Tickets}{section.1.4}% 15
\BOOKMARK [2][-]{subsection.1.4.5}{Use Case: Make a payment}{section.1.4}% 16
\BOOKMARK [2][-]{subsection.1.4.6}{Use Case: Reload Rechargable Card}{section.1.4}% 17
\BOOKMARK [2][-]{subsection.1.4.7}{Use Case: Update Ticket Specification}{section.1.4}% 18
\BOOKMARK [2][-]{subsection.1.4.8}{Use Case: Customer Registration}{section.1.4}% 19
\BOOKMARK [2][-]{subsection.1.4.9}{Use Case: False Login}{section.1.4}% 20
\BOOKMARK [2][-]{subsection.1.4.10}{Use Case: Password Reset}{section.1.4}% 21
\BOOKMARK [2][-]{subsection.1.4.11}{Use Case: Payment Fraud}{section.1.4}% 22
\BOOKMARK [1][-]{section*.6}{Glossary}{}% 23
\BOOKMARK [1][-]{section*.8}{Acronyms}{}% 24
\BOOKMARK [1][-]{section*.9}{Appendices}{}% 25
\BOOKMARK [1][-]{section.Alph0.1}{Appendix}{}% 26
\BOOKMARK [2][-]{subsection.Alph0.1.1}{Interviews}{section.Alph0.1}% 27
